[0.009s] Invoking command in '/home/fox/robo_simulation_ws/build/robo_bringup': CMAKE_PREFIX_PATH=/home/fox/robo_simulation_ws/install/robot_description:/home/fox/catch_the_turtle_ws/install/turtle_catcher_bringup:/home/fox/catch_the_turtle_ws/install/custom_interface:/home/fox/catch_the_turtle_ws/install/catch_the_turtle_interface:/home/fox/robo_simulation_ws/install/robo_bringup:/home/fox/robo_simulation_ws/install/robo_description:/home/fox/ws/install/my_robot_interfaces:/home/fox/ws/install/my_custom_interfaces:/home/fox/ws/install/led_battery_interface:/home/fox/ws/install/demo_bringup:/home/fox/catch_the_turtle_ws/install/catch_the_turtle:/home/fox/ws/install/camera_vision:/opt/ros/humble /usr/bin/cmake /home/fox/robo_simulation_ws/src/robo_bringup -DAMENT_CMAKE_SYMLINK_INSTALL=1 -DCMAKE_INSTALL_PREFIX=/home/fox/robo_simulation_ws/install/robo_bringup
[0.024s] -- Found ament_cmake: 1.3.8 (/opt/ros/humble/share/ament_cmake/cmake)
[0.150s] -- Override CMake install command with custom implementation using symlinks instead of copying resources
[0.221s] -- Configuring done
[0.223s] -- Generating done
[0.224s] -- Build files have been written to: /home/fox/robo_simulation_ws/build/robo_bringup
[0.227s] Invoked command in '/home/fox/robo_simulation_ws/build/robo_bringup' returned '0': CMAKE_PREFIX_PATH=/home/fox/robo_simulation_ws/install/robot_description:/home/fox/catch_the_turtle_ws/install/turtle_catcher_bringup:/home/fox/catch_the_turtle_ws/install/custom_interface:/home/fox/catch_the_turtle_ws/install/catch_the_turtle_interface:/home/fox/robo_simulation_ws/install/robo_bringup:/home/fox/robo_simulation_ws/install/robo_description:/home/fox/ws/install/my_robot_interfaces:/home/fox/ws/install/my_custom_interfaces:/home/fox/ws/install/led_battery_interface:/home/fox/ws/install/demo_bringup:/home/fox/catch_the_turtle_ws/install/catch_the_turtle:/home/fox/ws/install/camera_vision:/opt/ros/humble /usr/bin/cmake /home/fox/robo_simulation_ws/src/robo_bringup -DAMENT_CMAKE_SYMLINK_INSTALL=1 -DCMAKE_INSTALL_PREFIX=/home/fox/robo_simulation_ws/install/robo_bringup
[0.229s] Invoking command in '/home/fox/robo_simulation_ws/build/robo_bringup': CMAKE_PREFIX_PATH=/home/fox/robo_simulation_ws/install/robot_description:/home/fox/catch_the_turtle_ws/install/turtle_catcher_bringup:/home/fox/catch_the_turtle_ws/install/custom_interface:/home/fox/catch_the_turtle_ws/install/catch_the_turtle_interface:/home/fox/robo_simulation_ws/install/robo_bringup:/home/fox/robo_simulation_ws/install/robo_description:/home/fox/ws/install/my_robot_interfaces:/home/fox/ws/install/my_custom_interfaces:/home/fox/ws/install/led_battery_interface:/home/fox/ws/install/demo_bringup:/home/fox/catch_the_turtle_ws/install/catch_the_turtle:/home/fox/ws/install/camera_vision:/opt/ros/humble /usr/bin/cmake --build /home/fox/robo_simulation_ws/build/robo_bringup -- -j8 -l8
[0.276s] Invoked command in '/home/fox/robo_simulation_ws/build/robo_bringup' returned '0': CMAKE_PREFIX_PATH=/home/fox/robo_simulation_ws/install/robot_description:/home/fox/catch_the_turtle_ws/install/turtle_catcher_bringup:/home/fox/catch_the_turtle_ws/install/custom_interface:/home/fox/catch_the_turtle_ws/install/catch_the_turtle_interface:/home/fox/robo_simulation_ws/install/robo_bringup:/home/fox/robo_simulation_ws/install/robo_description:/home/fox/ws/install/my_robot_interfaces:/home/fox/ws/install/my_custom_interfaces:/home/fox/ws/install/led_battery_interface:/home/fox/ws/install/demo_bringup:/home/fox/catch_the_turtle_ws/install/catch_the_turtle:/home/fox/ws/install/camera_vision:/opt/ros/humble /usr/bin/cmake --build /home/fox/robo_simulation_ws/build/robo_bringup -- -j8 -l8
[0.303s] Invoking command in '/home/fox/robo_simulation_ws/build/robo_bringup': CMAKE_PREFIX_PATH=/home/fox/robo_simulation_ws/install/robot_description:/home/fox/catch_the_turtle_ws/install/turtle_catcher_bringup:/home/fox/catch_the_turtle_ws/install/custom_interface:/home/fox/catch_the_turtle_ws/install/catch_the_turtle_interface:/home/fox/robo_simulation_ws/install/robo_bringup:/home/fox/robo_simulation_ws/install/robo_description:/home/fox/ws/install/my_robot_interfaces:/home/fox/ws/install/my_custom_interfaces:/home/fox/ws/install/led_battery_interface:/home/fox/ws/install/demo_bringup:/home/fox/catch_the_turtle_ws/install/catch_the_turtle:/home/fox/ws/install/camera_vision:/opt/ros/humble /usr/bin/cmake --install /home/fox/robo_simulation_ws/build/robo_bringup
[0.312s] -- Install configuration: ""
[0.313s] -- Execute custom install script
[0.313s] -- Up-to-date symlink: /home/fox/robo_simulation_ws/install/robo_bringup/share/robo_bringup//launch/robo.launch.py
[0.313s] -- Up-to-date symlink: /home/fox/robo_simulation_ws/install/robo_bringup/share/robo_bringup//launch/robo.launch.xml
[0.313s] -- Up-to-date symlink: /home/fox/robo_simulation_ws/install/robo_bringup/share/robo_bringup//rviz/robo.rviz
[0.313s] -- Up-to-date symlink: /home/fox/robo_simulation_ws/install/robo_bringup/share/ament_index/resource_index/package_run_dependencies/robo_bringup
[0.314s] -- Up-to-date symlink: /home/fox/robo_simulation_ws/install/robo_bringup/share/ament_index/resource_index/parent_prefix_path/robo_bringup
[0.314s] -- Up-to-date symlink: /home/fox/robo_simulation_ws/install/robo_bringup/share/robo_bringup/environment/ament_prefix_path.sh
[0.314s] -- Up-to-date symlink: /home/fox/robo_simulation_ws/install/robo_bringup/share/robo_bringup/environment/ament_prefix_path.dsv
[0.314s] -- Up-to-date symlink: /home/fox/robo_simulation_ws/install/robo_bringup/share/robo_bringup/environment/path.sh
[0.314s] -- Up-to-date symlink: /home/fox/robo_simulation_ws/install/robo_bringup/share/robo_bringup/environment/path.dsv
[0.314s] -- Up-to-date symlink: /home/fox/robo_simulation_ws/install/robo_bringup/share/robo_bringup/local_setup.bash
[0.314s] -- Up-to-date symlink: /home/fox/robo_simulation_ws/install/robo_bringup/share/robo_bringup/local_setup.sh
[0.315s] -- Up-to-date symlink: /home/fox/robo_simulation_ws/install/robo_bringup/share/robo_bringup/local_setup.zsh
[0.315s] -- Up-to-date symlink: /home/fox/robo_simulation_ws/install/robo_bringup/share/robo_bringup/local_setup.dsv
[0.315s] -- Symlinking: /home/fox/robo_simulation_ws/install/robo_bringup/share/robo_bringup/package.dsv
[0.325s] -- Up-to-date symlink: /home/fox/robo_simulation_ws/install/robo_bringup/share/ament_index/resource_index/packages/robo_bringup
[0.326s] -- Up-to-date symlink: /home/fox/robo_simulation_ws/install/robo_bringup/share/robo_bringup/cmake/robo_bringupConfig.cmake
[0.326s] -- Up-to-date symlink: /home/fox/robo_simulation_ws/install/robo_bringup/share/robo_bringup/cmake/robo_bringupConfig-version.cmake
[0.326s] -- Up-to-date symlink: /home/fox/robo_simulation_ws/install/robo_bringup/share/robo_bringup/package.xml
[0.328s] Invoked command in '/home/fox/robo_simulation_ws/build/robo_bringup' returned '0': CMAKE_PREFIX_PATH=/home/fox/robo_simulation_ws/install/robot_description:/home/fox/catch_the_turtle_ws/install/turtle_catcher_bringup:/home/fox/catch_the_turtle_ws/install/custom_interface:/home/fox/catch_the_turtle_ws/install/catch_the_turtle_interface:/home/fox/robo_simulation_ws/install/robo_bringup:/home/fox/robo_simulation_ws/install/robo_description:/home/fox/ws/install/my_robot_interfaces:/home/fox/ws/install/my_custom_interfaces:/home/fox/ws/install/led_battery_interface:/home/fox/ws/install/demo_bringup:/home/fox/catch_the_turtle_ws/install/catch_the_turtle:/home/fox/ws/install/camera_vision:/opt/ros/humble /usr/bin/cmake --install /home/fox/robo_simulation_ws/build/robo_bringup
