[0.098s] Invoking command in '/home/fox/robo_simulation_ws/build/robot_description': CMAKE_PREFIX_PATH=${CMAKE_PREFIX_PATH}:/home/fox/ws/install/camera_vision:/home/fox/catch_the_turtle_ws/install/catch_the_turtle:/opt/ros/humble /usr/bin/cmake --build /home/fox/robo_simulation_ws/build/robot_description -- -j8 -l8
[0.344s] Invoked command in '/home/fox/robo_simulation_ws/build/robot_description' returned '0': CMAKE_PREFIX_PATH=${CMAKE_PREFIX_PATH}:/home/fox/ws/install/camera_vision:/home/fox/catch_the_turtle_ws/install/catch_the_turtle:/opt/ros/humble /usr/bin/cmake --build /home/fox/robo_simulation_ws/build/robot_description -- -j8 -l8
[0.389s] Invoking command in '/home/fox/robo_simulation_ws/build/robot_description': CMAKE_PREFIX_PATH=${CMAKE_PREFIX_PATH}:/home/fox/ws/install/camera_vision:/home/fox/catch_the_turtle_ws/install/catch_the_turtle:/opt/ros/humble /usr/bin/cmake --install /home/fox/robo_simulation_ws/build/robot_description
[0.452s] -- Install configuration: ""
[0.502s] -- Execute custom install script
[0.507s] -- Up-to-date symlink: /home/fox/robo_simulation_ws/install/robot_description/share/robot_description//urdf/body.xacro
[0.507s] -- Up-to-date symlink: /home/fox/robo_simulation_ws/install/robot_description/share/robot_description//urdf/gazebo_stuff.xacro
[0.507s] -- Up-to-date symlink: /home/fox/robo_simulation_ws/install/robot_description/share/robot_description//urdf/main.urdf.xacro
[0.507s] -- Up-to-date symlink: /home/fox/robo_simulation_ws/install/robot_description/share/robot_description//urdf/properties.xacro
[0.508s] -- Up-to-date symlink: /home/fox/robo_simulation_ws/install/robot_description/share/robot_description//launch/display.launch.py
[0.508s] -- Up-to-date symlink: /home/fox/robo_simulation_ws/install/robot_description/share/robot_description//launch/display.launch.xml
[0.508s] -- Up-to-date symlink: /home/fox/robo_simulation_ws/install/robot_description/share/robot_description//rviz/robo.rviz
[0.508s] -- Up-to-date symlink: /home/fox/robo_simulation_ws/install/robot_description/share/ament_index/resource_index/package_run_dependencies/robot_description
[0.508s] -- Up-to-date symlink: /home/fox/robo_simulation_ws/install/robot_description/share/ament_index/resource_index/parent_prefix_path/robot_description
[0.508s] -- Up-to-date symlink: /home/fox/robo_simulation_ws/install/robot_description/share/robot_description/environment/ament_prefix_path.sh
[0.508s] -- Up-to-date symlink: /home/fox/robo_simulation_ws/install/robot_description/share/robot_description/environment/ament_prefix_path.dsv
[0.509s] -- Up-to-date symlink: /home/fox/robo_simulation_ws/install/robot_description/share/robot_description/environment/path.sh
[0.509s] -- Up-to-date symlink: /home/fox/robo_simulation_ws/install/robot_description/share/robot_description/environment/path.dsv
[0.509s] -- Up-to-date symlink: /home/fox/robo_simulation_ws/install/robot_description/share/robot_description/local_setup.bash
[0.509s] -- Up-to-date symlink: /home/fox/robo_simulation_ws/install/robot_description/share/robot_description/local_setup.sh
[0.509s] -- Up-to-date symlink: /home/fox/robo_simulation_ws/install/robot_description/share/robot_description/local_setup.zsh
[0.509s] -- Up-to-date symlink: /home/fox/robo_simulation_ws/install/robot_description/share/robot_description/local_setup.dsv
[0.510s] -- Symlinking: /home/fox/robo_simulation_ws/install/robot_description/share/robot_description/package.dsv
[0.522s] -- Up-to-date symlink: /home/fox/robo_simulation_ws/install/robot_description/share/ament_index/resource_index/packages/robot_description
[0.523s] -- Up-to-date symlink: /home/fox/robo_simulation_ws/install/robot_description/share/robot_description/cmake/robot_descriptionConfig.cmake
[0.523s] -- Up-to-date symlink: /home/fox/robo_simulation_ws/install/robot_description/share/robot_description/cmake/robot_descriptionConfig-version.cmake
[0.523s] -- Up-to-date symlink: /home/fox/robo_simulation_ws/install/robot_description/share/robot_description/package.xml
[0.525s] Invoked command in '/home/fox/robo_simulation_ws/build/robot_description' returned '0': CMAKE_PREFIX_PATH=${CMAKE_PREFIX_PATH}:/home/fox/ws/install/camera_vision:/home/fox/catch_the_turtle_ws/install/catch_the_turtle:/opt/ros/humble /usr/bin/cmake --install /home/fox/robo_simulation_ws/build/robot_description
