[0.035s] Invoking command in '/home/fox/robo_simulation_ws/build/robo_description': CMAKE_PREFIX_PATH=${CMAKE_PREFIX_PATH}:/home/fox/catch_the_turtle_ws/install/catch_the_turtle:/home/fox/jarvis_ws/install/jarvis:/home/fox/ws/install/camera_vision:/opt/ros/humble /usr/bin/cmake --build /home/fox/robo_simulation_ws/build/robo_description -- -j8 -l8
[0.056s] -- Found ament_cmake: 1.3.8 (/opt/ros/humble/share/ament_cmake/cmake)
[0.179s] -- Override CMake install command with custom implementation using symlinks instead of copying resources
[0.253s] -- Configuring done
[0.255s] -- Generating done
[0.256s] -- Build files have been written to: /home/fox/robo_simulation_ws/build/robo_description
[0.279s] Invoked command in '/home/fox/robo_simulation_ws/build/robo_description' returned '0': CMAKE_PREFIX_PATH=${CMAKE_PREFIX_PATH}:/home/fox/catch_the_turtle_ws/install/catch_the_turtle:/home/fox/jarvis_ws/install/jarvis:/home/fox/ws/install/camera_vision:/opt/ros/humble /usr/bin/cmake --build /home/fox/robo_simulation_ws/build/robo_description -- -j8 -l8
[0.316s] Invoking command in '/home/fox/robo_simulation_ws/build/robo_description': CMAKE_PREFIX_PATH=${CMAKE_PREFIX_PATH}:/home/fox/catch_the_turtle_ws/install/catch_the_turtle:/home/fox/jarvis_ws/install/jarvis:/home/fox/ws/install/camera_vision:/opt/ros/humble /usr/bin/cmake --install /home/fox/robo_simulation_ws/build/robo_description
[0.324s] -- Install configuration: ""
[0.324s] -- Execute custom install script
[0.325s] -- Up-to-date symlink: /home/fox/robo_simulation_ws/install/robo_description/share/robo_description//urdf/body.xacro
[0.325s] -- Up-to-date symlink: /home/fox/robo_simulation_ws/install/robo_description/share/robo_description//urdf/main.urdf.xacro
[0.325s] -- Up-to-date symlink: /home/fox/robo_simulation_ws/install/robo_description/share/robo_description//urdf/properties.xacro
[0.325s] -- Up-to-date symlink: /home/fox/robo_simulation_ws/install/robo_description/share/robo_description//urdf/whole_code.xacro
[0.325s] -- Up-to-date symlink: /home/fox/robo_simulation_ws/install/robo_description/share/robo_description//launch/display.launch.py
[0.325s] -- Up-to-date symlink: /home/fox/robo_simulation_ws/install/robo_description/share/robo_description//launch/display.launch.xml
[0.325s] -- Up-to-date symlink: /home/fox/robo_simulation_ws/install/robo_description/share/ament_index/resource_index/package_run_dependencies/robo_description
[0.326s] -- Up-to-date symlink: /home/fox/robo_simulation_ws/install/robo_description/share/ament_index/resource_index/parent_prefix_path/robo_description
[0.326s] -- Up-to-date symlink: /home/fox/robo_simulation_ws/install/robo_description/share/robo_description/environment/ament_prefix_path.sh
[0.326s] -- Up-to-date symlink: /home/fox/robo_simulation_ws/install/robo_description/share/robo_description/environment/ament_prefix_path.dsv
[0.326s] -- Up-to-date symlink: /home/fox/robo_simulation_ws/install/robo_description/share/robo_description/environment/path.sh
[0.327s] -- Up-to-date symlink: /home/fox/robo_simulation_ws/install/robo_description/share/robo_description/environment/path.dsv
[0.327s] -- Up-to-date symlink: /home/fox/robo_simulation_ws/install/robo_description/share/robo_description/local_setup.bash
[0.327s] -- Up-to-date symlink: /home/fox/robo_simulation_ws/install/robo_description/share/robo_description/local_setup.sh
[0.327s] -- Up-to-date symlink: /home/fox/robo_simulation_ws/install/robo_description/share/robo_description/local_setup.zsh
[0.327s] -- Up-to-date symlink: /home/fox/robo_simulation_ws/install/robo_description/share/robo_description/local_setup.dsv
[0.328s] -- Symlinking: /home/fox/robo_simulation_ws/install/robo_description/share/robo_description/package.dsv
[0.339s] -- Up-to-date symlink: /home/fox/robo_simulation_ws/install/robo_description/share/ament_index/resource_index/packages/robo_description
[0.339s] -- Up-to-date symlink: /home/fox/robo_simulation_ws/install/robo_description/share/robo_description/cmake/robo_descriptionConfig.cmake
[0.339s] -- Up-to-date symlink: /home/fox/robo_simulation_ws/install/robo_description/share/robo_description/cmake/robo_descriptionConfig-version.cmake
[0.339s] -- Up-to-date symlink: /home/fox/robo_simulation_ws/install/robo_description/share/robo_description/package.xml
[0.342s] Invoked command in '/home/fox/robo_simulation_ws/build/robo_description' returned '0': CMAKE_PREFIX_PATH=${CMAKE_PREFIX_PATH}:/home/fox/catch_the_turtle_ws/install/catch_the_turtle:/home/fox/jarvis_ws/install/jarvis:/home/fox/ws/install/camera_vision:/opt/ros/humble /usr/bin/cmake --install /home/fox/robo_simulation_ws/build/robo_description
