[0.011s] Invoking command in '/home/fox/robo_simulation_ws/build/robot_description': CMAKE_PREFIX_PATH=${CMAKE_PREFIX_PATH}:/home/fox/catch_the_turtle_ws/install/catch_the_turtle:/home/fox/jarvis_ws/install/jarvis:/home/fox/ws/install/camera_vision:/opt/ros/humble /usr/bin/cmake /home/fox/robo_simulation_ws/src/robot_description -DAMENT_CMAKE_SYMLINK_INSTALL=1 -DCMAKE_INSTALL_PREFIX=/home/fox/robo_simulation_ws/install/robot_description
[0.070s] -- The C compiler identification is GNU 11.4.0
[0.126s] -- The CXX compiler identification is GNU 11.4.0
[0.134s] -- Detecting C compiler ABI info
[0.207s] -- Detecting C compiler ABI info - done
[0.215s] -- Check for working C compiler: /usr/bin/cc - skipped
[0.215s] -- Detecting C compile features
[0.215s] -- Detecting C compile features - done
[0.218s] -- Detecting CXX compiler ABI info
[0.304s] -- Detecting CXX compiler ABI info - done
[0.312s] -- Check for working CXX compiler: /usr/bin/c++ - skipped
[0.313s] -- Detecting CXX compile features
[0.313s] -- Detecting CXX compile features - done
[0.317s] -- Found ament_cmake: 1.3.8 (/opt/ros/humble/share/ament_cmake/cmake)
[0.487s] -- Found Python3: /usr/bin/python3 (found version "3.10.12") found components: Interpreter 
[0.553s] -- Override CMake install command with custom implementation using symlinks instead of copying resources
[0.662s] -- Configuring done
[0.665s] -- Generating done
[0.665s] -- Build files have been written to: /home/fox/robo_simulation_ws/build/robot_description
[0.670s] Invoked command in '/home/fox/robo_simulation_ws/build/robot_description' returned '0': CMAKE_PREFIX_PATH=${CMAKE_PREFIX_PATH}:/home/fox/catch_the_turtle_ws/install/catch_the_turtle:/home/fox/jarvis_ws/install/jarvis:/home/fox/ws/install/camera_vision:/opt/ros/humble /usr/bin/cmake /home/fox/robo_simulation_ws/src/robot_description -DAMENT_CMAKE_SYMLINK_INSTALL=1 -DCMAKE_INSTALL_PREFIX=/home/fox/robo_simulation_ws/install/robot_description
[0.671s] Invoking command in '/home/fox/robo_simulation_ws/build/robot_description': CMAKE_PREFIX_PATH=${CMAKE_PREFIX_PATH}:/home/fox/catch_the_turtle_ws/install/catch_the_turtle:/home/fox/jarvis_ws/install/jarvis:/home/fox/ws/install/camera_vision:/opt/ros/humble /usr/bin/cmake --build /home/fox/robo_simulation_ws/build/robot_description -- -j8 -l8
[0.715s] Invoked command in '/home/fox/robo_simulation_ws/build/robot_description' returned '0': CMAKE_PREFIX_PATH=${CMAKE_PREFIX_PATH}:/home/fox/catch_the_turtle_ws/install/catch_the_turtle:/home/fox/jarvis_ws/install/jarvis:/home/fox/ws/install/camera_vision:/opt/ros/humble /usr/bin/cmake --build /home/fox/robo_simulation_ws/build/robot_description -- -j8 -l8
[0.754s] Invoking command in '/home/fox/robo_simulation_ws/build/robot_description': CMAKE_PREFIX_PATH=${CMAKE_PREFIX_PATH}:/home/fox/catch_the_turtle_ws/install/catch_the_turtle:/home/fox/jarvis_ws/install/jarvis:/home/fox/ws/install/camera_vision:/opt/ros/humble /usr/bin/cmake --install /home/fox/robo_simulation_ws/build/robot_description
[0.762s] -- Install configuration: ""
[0.763s] -- Execute custom install script
[0.763s] -- Symlinking: /home/fox/robo_simulation_ws/install/robot_description/share/robot_description//urdf/body.xacro
[0.774s] -- Symlinking: /home/fox/robo_simulation_ws/install/robot_description/share/robot_description//urdf/main.urdf.xacro
[0.784s] -- Symlinking: /home/fox/robo_simulation_ws/install/robot_description/share/robot_description//urdf/properties.xacro
[0.793s] -- Symlinking: /home/fox/robo_simulation_ws/install/robot_description/share/robot_description//launch/display.launch.py
[0.803s] -- Symlinking: /home/fox/robo_simulation_ws/install/robot_description/share/robot_description//launch/display.launch.xml
[0.814s] -- Symlinking: /home/fox/robo_simulation_ws/install/robot_description/share/ament_index/resource_index/package_run_dependencies/robot_description
[0.824s] -- Symlinking: /home/fox/robo_simulation_ws/install/robot_description/share/ament_index/resource_index/parent_prefix_path/robot_description
[0.835s] -- Symlinking: /home/fox/robo_simulation_ws/install/robot_description/share/robot_description/environment/ament_prefix_path.sh
[0.845s] -- Symlinking: /home/fox/robo_simulation_ws/install/robot_description/share/robot_description/environment/ament_prefix_path.dsv
[0.855s] -- Symlinking: /home/fox/robo_simulation_ws/install/robot_description/share/robot_description/environment/path.sh
[0.864s] -- Symlinking: /home/fox/robo_simulation_ws/install/robot_description/share/robot_description/environment/path.dsv
[0.875s] -- Symlinking: /home/fox/robo_simulation_ws/install/robot_description/share/robot_description/local_setup.bash
[0.885s] -- Symlinking: /home/fox/robo_simulation_ws/install/robot_description/share/robot_description/local_setup.sh
[0.894s] -- Symlinking: /home/fox/robo_simulation_ws/install/robot_description/share/robot_description/local_setup.zsh
[0.904s] -- Symlinking: /home/fox/robo_simulation_ws/install/robot_description/share/robot_description/local_setup.dsv
[0.914s] -- Symlinking: /home/fox/robo_simulation_ws/install/robot_description/share/robot_description/package.dsv
[0.925s] -- Symlinking: /home/fox/robo_simulation_ws/install/robot_description/share/ament_index/resource_index/packages/robot_description
[0.935s] -- Symlinking: /home/fox/robo_simulation_ws/install/robot_description/share/robot_description/cmake/robot_descriptionConfig.cmake
[0.944s] -- Symlinking: /home/fox/robo_simulation_ws/install/robot_description/share/robot_description/cmake/robot_descriptionConfig-version.cmake
[0.954s] -- Symlinking: /home/fox/robo_simulation_ws/install/robot_description/share/robot_description/package.xml
[0.966s] Invoked command in '/home/fox/robo_simulation_ws/build/robot_description' returned '0': CMAKE_PREFIX_PATH=${CMAKE_PREFIX_PATH}:/home/fox/catch_the_turtle_ws/install/catch_the_turtle:/home/fox/jarvis_ws/install/jarvis:/home/fox/ws/install/camera_vision:/opt/ros/humble /usr/bin/cmake --install /home/fox/robo_simulation_ws/build/robot_description
