[0.011s] Invoking command in '/home/fox/robo_simulation_ws/build/robo_description': CMAKE_PREFIX_PATH=${CMAKE_PREFIX_PATH}:/home/fox/catch_the_turtle_ws/install/catch_the_turtle:/home/fox/jarvis_ws/install/jarvis:/home/fox/ws/install/camera_vision:/opt/ros/humble /usr/bin/cmake /home/fox/robo_simulation_ws/src/robo_description -DCMAKE_INSTALL_PREFIX=/home/fox/robo_simulation_ws/install/robo_description
[0.026s] -- Found ament_cmake: 1.3.8 (/opt/ros/humble/share/ament_cmake/cmake)
[0.148s] -- Override CMake install command with custom implementation using symlinks instead of copying resources
[0.219s] -- Configuring done
[0.222s] -- Generating done
[0.223s] -- Build files have been written to: /home/fox/robo_simulation_ws/build/robo_description
[0.226s] Invoked command in '/home/fox/robo_simulation_ws/build/robo_description' returned '0': CMAKE_PREFIX_PATH=${CMAKE_PREFIX_PATH}:/home/fox/catch_the_turtle_ws/install/catch_the_turtle:/home/fox/jarvis_ws/install/jarvis:/home/fox/ws/install/camera_vision:/opt/ros/humble /usr/bin/cmake /home/fox/robo_simulation_ws/src/robo_description -DCMAKE_INSTALL_PREFIX=/home/fox/robo_simulation_ws/install/robo_description
[0.228s] Invoking command in '/home/fox/robo_simulation_ws/build/robo_description': CMAKE_PREFIX_PATH=${CMAKE_PREFIX_PATH}:/home/fox/catch_the_turtle_ws/install/catch_the_turtle:/home/fox/jarvis_ws/install/jarvis:/home/fox/ws/install/camera_vision:/opt/ros/humble /usr/bin/cmake --build /home/fox/robo_simulation_ws/build/robo_description -- -j8 -l8
[0.271s] Invoked command in '/home/fox/robo_simulation_ws/build/robo_description' returned '0': CMAKE_PREFIX_PATH=${CMAKE_PREFIX_PATH}:/home/fox/catch_the_turtle_ws/install/catch_the_turtle:/home/fox/jarvis_ws/install/jarvis:/home/fox/ws/install/camera_vision:/opt/ros/humble /usr/bin/cmake --build /home/fox/robo_simulation_ws/build/robo_description -- -j8 -l8
[0.307s] Invoking command in '/home/fox/robo_simulation_ws/build/robo_description': CMAKE_PREFIX_PATH=${CMAKE_PREFIX_PATH}:/home/fox/catch_the_turtle_ws/install/catch_the_turtle:/home/fox/jarvis_ws/install/jarvis:/home/fox/ws/install/camera_vision:/opt/ros/humble /usr/bin/cmake --install /home/fox/robo_simulation_ws/build/robo_description
[0.316s] -- Install configuration: ""
[0.316s] -- Execute custom install script
[0.317s] -- Up-to-date symlink: /home/fox/robo_simulation_ws/install/robo_description/share/robo_description//urdf/body.xacro
[0.317s] -- Up-to-date symlink: /home/fox/robo_simulation_ws/install/robo_description/share/robo_description//urdf/main.urdf.xacro
[0.317s] -- Up-to-date symlink: /home/fox/robo_simulation_ws/install/robo_description/share/robo_description//urdf/properties.xacro
[0.317s] -- Up-to-date symlink: /home/fox/robo_simulation_ws/install/robo_description/share/robo_description//urdf/whole_code.xacro
[0.318s] -- Up-to-date symlink: /home/fox/robo_simulation_ws/install/robo_description/share/robo_description//launch/display.launch.py
[0.318s] -- Up-to-date symlink: /home/fox/robo_simulation_ws/install/robo_description/share/robo_description//launch/display.launch.xml
[0.319s] -- Up-to-date symlink: /home/fox/robo_simulation_ws/install/robo_description/share/robo_description//rviz/robo.rviz
[0.319s] -- Up-to-date symlink: /home/fox/robo_simulation_ws/install/robo_description/share/ament_index/resource_index/package_run_dependencies/robo_description
[0.319s] -- Up-to-date symlink: /home/fox/robo_simulation_ws/install/robo_description/share/ament_index/resource_index/parent_prefix_path/robo_description
[0.319s] -- Up-to-date symlink: /home/fox/robo_simulation_ws/install/robo_description/share/robo_description/environment/ament_prefix_path.sh
[0.319s] -- Up-to-date symlink: /home/fox/robo_simulation_ws/install/robo_description/share/robo_description/environment/ament_prefix_path.dsv
[0.319s] -- Up-to-date symlink: /home/fox/robo_simulation_ws/install/robo_description/share/robo_description/environment/path.sh
[0.320s] -- Up-to-date symlink: /home/fox/robo_simulation_ws/install/robo_description/share/robo_description/environment/path.dsv
[0.320s] -- Up-to-date symlink: /home/fox/robo_simulation_ws/install/robo_description/share/robo_description/local_setup.bash
[0.320s] -- Up-to-date symlink: /home/fox/robo_simulation_ws/install/robo_description/share/robo_description/local_setup.sh
[0.320s] -- Up-to-date symlink: /home/fox/robo_simulation_ws/install/robo_description/share/robo_description/local_setup.zsh
[0.320s] -- Up-to-date symlink: /home/fox/robo_simulation_ws/install/robo_description/share/robo_description/local_setup.dsv
[0.321s] -- Symlinking: /home/fox/robo_simulation_ws/install/robo_description/share/robo_description/package.dsv
[0.330s] -- Up-to-date symlink: /home/fox/robo_simulation_ws/install/robo_description/share/ament_index/resource_index/packages/robo_description
[0.331s] -- Up-to-date symlink: /home/fox/robo_simulation_ws/install/robo_description/share/robo_description/cmake/robo_descriptionConfig.cmake
[0.331s] -- Up-to-date symlink: /home/fox/robo_simulation_ws/install/robo_description/share/robo_description/cmake/robo_descriptionConfig-version.cmake
[0.331s] -- Up-to-date symlink: /home/fox/robo_simulation_ws/install/robo_description/share/robo_description/package.xml
[0.334s] Invoked command in '/home/fox/robo_simulation_ws/build/robo_description' returned '0': CMAKE_PREFIX_PATH=${CMAKE_PREFIX_PATH}:/home/fox/catch_the_turtle_ws/install/catch_the_turtle:/home/fox/jarvis_ws/install/jarvis:/home/fox/ws/install/camera_vision:/opt/ros/humble /usr/bin/cmake --install /home/fox/robo_simulation_ws/build/robo_description
