[0.011s] Invoking command in '/home/fox/robo_simulation_ws/build/robot_description': CMAKE_PREFIX_PATH=${CMAKE_PREFIX_PATH}:/home/fox/catch_the_turtle_ws/install/catch_the_turtle:/home/fox/ws/install/camera_vision:/opt/ros/humble /usr/bin/cmake --build /home/fox/robo_simulation_ws/build/robot_description -- -j8 -l8
[0.056s] Invoked command in '/home/fox/robo_simulation_ws/build/robot_description' returned '0': CMAKE_PREFIX_PATH=${CMAKE_PREFIX_PATH}:/home/fox/catch_the_turtle_ws/install/catch_the_turtle:/home/fox/ws/install/camera_vision:/opt/ros/humble /usr/bin/cmake --build /home/fox/robo_simulation_ws/build/robot_description -- -j8 -l8
[0.093s] Invoking command in '/home/fox/robo_simulation_ws/build/robot_description': CMAKE_PREFIX_PATH=${CMAKE_PREFIX_PATH}:/home/fox/catch_the_turtle_ws/install/catch_the_turtle:/home/fox/ws/install/camera_vision:/opt/ros/humble /usr/bin/cmake --install /home/fox/robo_simulation_ws/build/robot_description
[0.102s] -- Install configuration: ""
[0.102s] -- Execute custom install script
[0.103s] -- Up-to-date symlink: /home/fox/robo_simulation_ws/install/robot_description/share/robot_description//urdf/body.xacro
[0.103s] -- Up-to-date symlink: /home/fox/robo_simulation_ws/install/robot_description/share/robot_description//urdf/gazebo_stuff.xacro
[0.103s] -- Up-to-date symlink: /home/fox/robo_simulation_ws/install/robot_description/share/robot_description//urdf/main.urdf.xacro
[0.103s] -- Up-to-date symlink: /home/fox/robo_simulation_ws/install/robot_description/share/robot_description//urdf/properties.xacro
[0.103s] -- Up-to-date symlink: /home/fox/robo_simulation_ws/install/robot_description/share/robot_description//launch/display.launch.py
[0.103s] -- Up-to-date symlink: /home/fox/robo_simulation_ws/install/robot_description/share/robot_description//launch/display.launch.xml
[0.103s] -- Up-to-date symlink: /home/fox/robo_simulation_ws/install/robot_description/share/robot_description//rviz/robo.rviz
[0.104s] -- Up-to-date symlink: /home/fox/robo_simulation_ws/install/robot_description/share/ament_index/resource_index/package_run_dependencies/robot_description
[0.104s] -- Up-to-date symlink: /home/fox/robo_simulation_ws/install/robot_description/share/ament_index/resource_index/parent_prefix_path/robot_description
[0.104s] -- Up-to-date symlink: /home/fox/robo_simulation_ws/install/robot_description/share/robot_description/environment/ament_prefix_path.sh
[0.104s] -- Up-to-date symlink: /home/fox/robo_simulation_ws/install/robot_description/share/robot_description/environment/ament_prefix_path.dsv
[0.105s] -- Up-to-date symlink: /home/fox/robo_simulation_ws/install/robot_description/share/robot_description/environment/path.sh
[0.105s] -- Up-to-date symlink: /home/fox/robo_simulation_ws/install/robot_description/share/robot_description/environment/path.dsv
[0.105s] -- Up-to-date symlink: /home/fox/robo_simulation_ws/install/robot_description/share/robot_description/local_setup.bash
[0.105s] -- Up-to-date symlink: /home/fox/robo_simulation_ws/install/robot_description/share/robot_description/local_setup.sh
[0.105s] -- Up-to-date symlink: /home/fox/robo_simulation_ws/install/robot_description/share/robot_description/local_setup.zsh
[0.105s] -- Up-to-date symlink: /home/fox/robo_simulation_ws/install/robot_description/share/robot_description/local_setup.dsv
[0.105s] -- Symlinking: /home/fox/robo_simulation_ws/install/robot_description/share/robot_description/package.dsv
[0.117s] -- Up-to-date symlink: /home/fox/robo_simulation_ws/install/robot_description/share/ament_index/resource_index/packages/robot_description
[0.117s] -- Up-to-date symlink: /home/fox/robo_simulation_ws/install/robot_description/share/robot_description/cmake/robot_descriptionConfig.cmake
[0.117s] -- Up-to-date symlink: /home/fox/robo_simulation_ws/install/robot_description/share/robot_description/cmake/robot_descriptionConfig-version.cmake
[0.117s] -- Up-to-date symlink: /home/fox/robo_simulation_ws/install/robot_description/share/robot_description/package.xml
[0.119s] Invoked command in '/home/fox/robo_simulation_ws/build/robot_description' returned '0': CMAKE_PREFIX_PATH=${CMAKE_PREFIX_PATH}:/home/fox/catch_the_turtle_ws/install/catch_the_turtle:/home/fox/ws/install/camera_vision:/opt/ros/humble /usr/bin/cmake --install /home/fox/robo_simulation_ws/build/robot_description
