[0.013s] Invoking command in '/home/fox/robo_simulation_ws/build/robo_description': CMAKE_PREFIX_PATH=${CMAKE_PREFIX_PATH}:/home/fox/catch_the_turtle_ws/install/catch_the_turtle:/home/fox/jarvis_ws/install/jarvis:/home/fox/ws/install/camera_vision:/opt/ros/humble /usr/bin/cmake /home/fox/robo_simulation_ws/src/robo_description -DCMAKE_INSTALL_PREFIX=/home/fox/robo_simulation_ws/install/robo_description
[0.071s] -- The C compiler identification is GNU 11.4.0
[0.125s] -- The CXX compiler identification is GNU 11.4.0
[0.133s] -- Detecting C compiler ABI info
[0.207s] -- Detecting C compiler ABI info - done
[0.215s] -- Check for working C compiler: /usr/bin/cc - skipped
[0.215s] -- Detecting C compile features
[0.215s] -- Detecting C compile features - done
[0.218s] -- Detecting CXX compiler ABI info
[0.302s] -- Detecting CXX compiler ABI info - done
[0.309s] -- Check for working CXX compiler: /usr/bin/c++ - skipped
[0.310s] -- Detecting CXX compile features
[0.310s] -- Detecting CXX compile features - done
[0.314s] -- Found ament_cmake: 1.3.8 (/opt/ros/humble/share/ament_cmake/cmake)
[0.477s] -- Found Python3: /usr/bin/python3 (found version "3.10.12") found components: Interpreter 
[0.641s] -- Configuring done
[0.643s] -- Generating done
[0.644s] -- Build files have been written to: /home/fox/robo_simulation_ws/build/robo_description
[0.648s] Invoked command in '/home/fox/robo_simulation_ws/build/robo_description' returned '0': CMAKE_PREFIX_PATH=${CMAKE_PREFIX_PATH}:/home/fox/catch_the_turtle_ws/install/catch_the_turtle:/home/fox/jarvis_ws/install/jarvis:/home/fox/ws/install/camera_vision:/opt/ros/humble /usr/bin/cmake /home/fox/robo_simulation_ws/src/robo_description -DCMAKE_INSTALL_PREFIX=/home/fox/robo_simulation_ws/install/robo_description
[0.650s] Invoking command in '/home/fox/robo_simulation_ws/build/robo_description': CMAKE_PREFIX_PATH=${CMAKE_PREFIX_PATH}:/home/fox/catch_the_turtle_ws/install/catch_the_turtle:/home/fox/jarvis_ws/install/jarvis:/home/fox/ws/install/camera_vision:/opt/ros/humble /usr/bin/cmake --build /home/fox/robo_simulation_ws/build/robo_description -- -j8 -l8
[0.691s] Invoked command in '/home/fox/robo_simulation_ws/build/robo_description' returned '0': CMAKE_PREFIX_PATH=${CMAKE_PREFIX_PATH}:/home/fox/catch_the_turtle_ws/install/catch_the_turtle:/home/fox/jarvis_ws/install/jarvis:/home/fox/ws/install/camera_vision:/opt/ros/humble /usr/bin/cmake --build /home/fox/robo_simulation_ws/build/robo_description -- -j8 -l8
[0.727s] Invoking command in '/home/fox/robo_simulation_ws/build/robo_description': CMAKE_PREFIX_PATH=${CMAKE_PREFIX_PATH}:/home/fox/catch_the_turtle_ws/install/catch_the_turtle:/home/fox/jarvis_ws/install/jarvis:/home/fox/ws/install/camera_vision:/opt/ros/humble /usr/bin/cmake --install /home/fox/robo_simulation_ws/build/robo_description
[0.735s] -- Install configuration: ""
[0.735s] -- Installing: /home/fox/robo_simulation_ws/install/robo_description/share/robo_description/urdf
[0.735s] -- Installing: /home/fox/robo_simulation_ws/install/robo_description/share/robo_description/urdf/body.xacro
[0.735s] -- Installing: /home/fox/robo_simulation_ws/install/robo_description/share/robo_description/urdf/main.urdf.xacro
[0.735s] -- Installing: /home/fox/robo_simulation_ws/install/robo_description/share/robo_description/urdf/whole_code.xacro
[0.735s] -- Installing: /home/fox/robo_simulation_ws/install/robo_description/share/robo_description/urdf/properties.xacro
[0.736s] -- Installing: /home/fox/robo_simulation_ws/install/robo_description/share/robo_description/launch
[0.736s] -- Installing: /home/fox/robo_simulation_ws/install/robo_description/share/robo_description/launch/display.launch.xml
[0.736s] -- Installing: /home/fox/robo_simulation_ws/install/robo_description/share/robo_description/launch/display.launch.py
[0.736s] -- Installing: /home/fox/robo_simulation_ws/install/robo_description/share/robo_description/rviz
[0.736s] -- Installing: /home/fox/robo_simulation_ws/install/robo_description/share/ament_index/resource_index/package_run_dependencies/robo_description
[0.736s] -- Installing: /home/fox/robo_simulation_ws/install/robo_description/share/ament_index/resource_index/parent_prefix_path/robo_description
[0.736s] -- Installing: /home/fox/robo_simulation_ws/install/robo_description/share/robo_description/environment/ament_prefix_path.sh
[0.736s] -- Installing: /home/fox/robo_simulation_ws/install/robo_description/share/robo_description/environment/ament_prefix_path.dsv
[0.736s] -- Installing: /home/fox/robo_simulation_ws/install/robo_description/share/robo_description/environment/path.sh
[0.736s] -- Installing: /home/fox/robo_simulation_ws/install/robo_description/share/robo_description/environment/path.dsv
[0.737s] -- Installing: /home/fox/robo_simulation_ws/install/robo_description/share/robo_description/local_setup.bash
[0.737s] -- Installing: /home/fox/robo_simulation_ws/install/robo_description/share/robo_description/local_setup.sh
[0.737s] -- Installing: /home/fox/robo_simulation_ws/install/robo_description/share/robo_description/local_setup.zsh
[0.737s] -- Installing: /home/fox/robo_simulation_ws/install/robo_description/share/robo_description/local_setup.dsv
[0.737s] -- Installing: /home/fox/robo_simulation_ws/install/robo_description/share/robo_description/package.dsv
[0.737s] -- Installing: /home/fox/robo_simulation_ws/install/robo_description/share/ament_index/resource_index/packages/robo_description
[0.737s] -- Installing: /home/fox/robo_simulation_ws/install/robo_description/share/robo_description/cmake/robo_descriptionConfig.cmake
[0.738s] -- Installing: /home/fox/robo_simulation_ws/install/robo_description/share/robo_description/cmake/robo_descriptionConfig-version.cmake
[0.738s] -- Installing: /home/fox/robo_simulation_ws/install/robo_description/share/robo_description/package.xml
[0.740s] Invoked command in '/home/fox/robo_simulation_ws/build/robo_description' returned '0': CMAKE_PREFIX_PATH=${CMAKE_PREFIX_PATH}:/home/fox/catch_the_turtle_ws/install/catch_the_turtle:/home/fox/jarvis_ws/install/jarvis:/home/fox/ws/install/camera_vision:/opt/ros/humble /usr/bin/cmake --install /home/fox/robo_simulation_ws/build/robo_description
