[0.129s] Invoking command in '/home/fox/robo_simulation_ws/build/robot_description': CMAKE_PREFIX_PATH=${CMAKE_PREFIX_PATH}:/home/fox/catch_the_turtle_ws/install/catch_the_turtle:/home/fox/ws/install/camera_vision:/opt/ros/humble /usr/bin/cmake --build /home/fox/robo_simulation_ws/build/robot_description -- -j8 -l8
[2.111s] Invoked command in '/home/fox/robo_simulation_ws/build/robot_description' returned '0': CMAKE_PREFIX_PATH=${CMAKE_PREFIX_PATH}:/home/fox/catch_the_turtle_ws/install/catch_the_turtle:/home/fox/ws/install/camera_vision:/opt/ros/humble /usr/bin/cmake --build /home/fox/robo_simulation_ws/build/robot_description -- -j8 -l8
[2.146s] Invoking command in '/home/fox/robo_simulation_ws/build/robot_description': CMAKE_PREFIX_PATH=${CMAKE_PREFIX_PATH}:/home/fox/catch_the_turtle_ws/install/catch_the_turtle:/home/fox/ws/install/camera_vision:/opt/ros/humble /usr/bin/cmake --install /home/fox/robo_simulation_ws/build/robot_description
[2.214s] -- Install configuration: ""
[2.260s] -- Execute custom install script
[2.323s] -- Up-to-date symlink: /home/fox/robo_simulation_ws/install/robot_description/share/robot_description//urdf/body.xacro
[2.326s] -- Up-to-date symlink: /home/fox/robo_simulation_ws/install/robot_description/share/robot_description//urdf/gazebo_stuff.xacro
[2.326s] -- Up-to-date symlink: /home/fox/robo_simulation_ws/install/robot_description/share/robot_description//urdf/main.urdf.xacro
[2.327s] -- Up-to-date symlink: /home/fox/robo_simulation_ws/install/robot_description/share/robot_description//urdf/properties.xacro
[2.328s] -- Up-to-date symlink: /home/fox/robo_simulation_ws/install/robot_description/share/robot_description//launch/display.launch.py
[2.328s] -- Up-to-date symlink: /home/fox/robo_simulation_ws/install/robot_description/share/robot_description//launch/display.launch.xml
[2.369s] -- Up-to-date symlink: /home/fox/robo_simulation_ws/install/robot_description/share/robot_description//rviz/robo.rviz
[2.369s] -- Up-to-date symlink: /home/fox/robo_simulation_ws/install/robot_description/share/ament_index/resource_index/package_run_dependencies/robot_description
[2.370s] -- Up-to-date symlink: /home/fox/robo_simulation_ws/install/robot_description/share/ament_index/resource_index/parent_prefix_path/robot_description
[2.371s] -- Up-to-date symlink: /home/fox/robo_simulation_ws/install/robot_description/share/robot_description/environment/ament_prefix_path.sh
[2.371s] -- Up-to-date symlink: /home/fox/robo_simulation_ws/install/robot_description/share/robot_description/environment/ament_prefix_path.dsv
[2.371s] -- Up-to-date symlink: /home/fox/robo_simulation_ws/install/robot_description/share/robot_description/environment/path.sh
[2.371s] -- Up-to-date symlink: /home/fox/robo_simulation_ws/install/robot_description/share/robot_description/environment/path.dsv
[2.410s] -- Up-to-date symlink: /home/fox/robo_simulation_ws/install/robot_description/share/robot_description/local_setup.bash
[2.410s] -- Up-to-date symlink: /home/fox/robo_simulation_ws/install/robot_description/share/robot_description/local_setup.sh
[2.411s] -- Up-to-date symlink: /home/fox/robo_simulation_ws/install/robot_description/share/robot_description/local_setup.zsh
[2.411s] -- Up-to-date symlink: /home/fox/robo_simulation_ws/install/robot_description/share/robot_description/local_setup.dsv
[2.411s] -- Symlinking: /home/fox/robo_simulation_ws/install/robot_description/share/robot_description/package.dsv
[2.421s] -- Up-to-date symlink: /home/fox/robo_simulation_ws/install/robot_description/share/ament_index/resource_index/packages/robot_description
[2.447s] -- Up-to-date symlink: /home/fox/robo_simulation_ws/install/robot_description/share/robot_description/cmake/robot_descriptionConfig.cmake
[2.447s] -- Up-to-date symlink: /home/fox/robo_simulation_ws/install/robot_description/share/robot_description/cmake/robot_descriptionConfig-version.cmake
[2.448s] -- Up-to-date symlink: /home/fox/robo_simulation_ws/install/robot_description/share/robot_description/package.xml
[2.450s] Invoked command in '/home/fox/robo_simulation_ws/build/robot_description' returned '0': CMAKE_PREFIX_PATH=${CMAKE_PREFIX_PATH}:/home/fox/catch_the_turtle_ws/install/catch_the_turtle:/home/fox/ws/install/camera_vision:/opt/ros/humble /usr/bin/cmake --install /home/fox/robo_simulation_ws/build/robot_description
