[0.106s] DEBUG:colcon:Command line arguments: ['/usr/bin/colcon', 'build', '--symlink-install']
[0.107s] DEBUG:colcon:Parsed command line arguments: Namespace(log_base=None, log_level=None, verb_name='build', build_base='build', install_base='install', merge_install=False, symlink_install=True, test_result_base=None, continue_on_error=False, executor='parallel', parallel_workers=8, event_handlers=None, ignore_user_meta=False, metas=['./colcon.meta'], base_paths=['.'], packages_ignore=None, packages_ignore_regex=None, paths=None, packages_up_to=None, packages_up_to_regex=None, packages_above=None, packages_above_and_dependencies=None, packages_above_depth=None, packages_select_by_dep=None, packages_skip_by_dep=None, packages_skip_up_to=None, packages_select_build_failed=False, packages_skip_build_finished=False, packages_select_test_failures=False, packages_skip_test_passed=False, packages_select=None, packages_skip=None, packages_select_regex=None, packages_skip_regex=None, packages_start=None, packages_end=None, allow_overriding=[], cmake_args=None, cmake_target=None, cmake_target_skip_unavailable=False, cmake_clean_cache=False, cmake_clean_first=False, cmake_force_configure=False, ament_cmake_args=None, catkin_cmake_args=None, catkin_skip_building_tests=False, verb_parser=<colcon_defaults.argument_parser.defaults.DefaultArgumentsDecorator object at 0x762aee2a9cf0>, verb_extension=<colcon_core.verb.build.BuildVerb object at 0x762aee3a26e0>, main=<bound method BuildVerb.main of <colcon_core.verb.build.BuildVerb object at 0x762aee3a26e0>>)
[0.303s] Level 1:colcon.colcon_core.package_discovery:discover_packages(colcon_meta) check parameters
[0.303s] Level 1:colcon.colcon_core.package_discovery:discover_packages(recursive) check parameters
[0.303s] Level 1:colcon.colcon_core.package_discovery:discover_packages(ignore) check parameters
[0.303s] Level 1:colcon.colcon_core.package_discovery:discover_packages(path) check parameters
[0.303s] Level 1:colcon.colcon_core.package_discovery:discover_packages(colcon_meta) discover
[0.303s] Level 1:colcon.colcon_core.package_discovery:discover_packages(recursive) discover
[0.303s] INFO:colcon.colcon_core.package_discovery:Crawling recursively for packages in '/home/fox/robo_simulation_ws'
[0.304s] Level 1:colcon.colcon_core.package_identification:_identify(.) by extensions ['ignore', 'ignore_ament_install']
[0.304s] Level 1:colcon.colcon_core.package_identification:_identify(.) by extension 'ignore'
[0.304s] Level 1:colcon.colcon_core.package_identification:_identify(.) by extension 'ignore_ament_install'
[0.304s] Level 1:colcon.colcon_core.package_identification:_identify(.) by extensions ['colcon_pkg']
[0.304s] Level 1:colcon.colcon_core.package_identification:_identify(.) by extension 'colcon_pkg'
[0.304s] Level 1:colcon.colcon_core.package_identification:_identify(.) by extensions ['colcon_meta']
[0.304s] Level 1:colcon.colcon_core.package_identification:_identify(.) by extension 'colcon_meta'
[0.304s] Level 1:colcon.colcon_core.package_identification:_identify(.) by extensions ['ros']
[0.304s] Level 1:colcon.colcon_core.package_identification:_identify(.) by extension 'ros'
[0.314s] Level 1:colcon.colcon_core.package_identification:_identify(.) by extensions ['cmake', 'python']
[0.314s] Level 1:colcon.colcon_core.package_identification:_identify(.) by extension 'cmake'
[0.314s] Level 1:colcon.colcon_core.package_identification:_identify(.) by extension 'python'
[0.314s] Level 1:colcon.colcon_core.package_identification:_identify(.) by extensions ['python_setup_py']
[0.314s] Level 1:colcon.colcon_core.package_identification:_identify(.) by extension 'python_setup_py'
[0.314s] Level 1:colcon.colcon_core.package_identification:_identify(build) by extensions ['ignore', 'ignore_ament_install']
[0.315s] Level 1:colcon.colcon_core.package_identification:_identify(build) by extension 'ignore'
[0.315s] Level 1:colcon.colcon_core.package_identification:_identify(build) ignored
[0.315s] Level 1:colcon.colcon_core.package_identification:_identify(install) by extensions ['ignore', 'ignore_ament_install']
[0.315s] Level 1:colcon.colcon_core.package_identification:_identify(install) by extension 'ignore'
[0.315s] Level 1:colcon.colcon_core.package_identification:_identify(install) ignored
[0.315s] Level 1:colcon.colcon_core.package_identification:_identify(log) by extensions ['ignore', 'ignore_ament_install']
[0.315s] Level 1:colcon.colcon_core.package_identification:_identify(log) by extension 'ignore'
[0.315s] Level 1:colcon.colcon_core.package_identification:_identify(log) ignored
[0.315s] Level 1:colcon.colcon_core.package_identification:_identify(src) by extensions ['ignore', 'ignore_ament_install']
[0.315s] Level 1:colcon.colcon_core.package_identification:_identify(src) by extension 'ignore'
[0.315s] Level 1:colcon.colcon_core.package_identification:_identify(src) by extension 'ignore_ament_install'
[0.315s] Level 1:colcon.colcon_core.package_identification:_identify(src) by extensions ['colcon_pkg']
[0.315s] Level 1:colcon.colcon_core.package_identification:_identify(src) by extension 'colcon_pkg'
[0.315s] Level 1:colcon.colcon_core.package_identification:_identify(src) by extensions ['colcon_meta']
[0.315s] Level 1:colcon.colcon_core.package_identification:_identify(src) by extension 'colcon_meta'
[0.315s] Level 1:colcon.colcon_core.package_identification:_identify(src) by extensions ['ros']
[0.315s] Level 1:colcon.colcon_core.package_identification:_identify(src) by extension 'ros'
[0.316s] Level 1:colcon.colcon_core.package_identification:_identify(src) by extensions ['cmake', 'python']
[0.316s] Level 1:colcon.colcon_core.package_identification:_identify(src) by extension 'cmake'
[0.316s] Level 1:colcon.colcon_core.package_identification:_identify(src) by extension 'python'
[0.316s] Level 1:colcon.colcon_core.package_identification:_identify(src) by extensions ['python_setup_py']
[0.316s] Level 1:colcon.colcon_core.package_identification:_identify(src) by extension 'python_setup_py'
[0.316s] Level 1:colcon.colcon_core.package_identification:_identify(src/robo_bringup) by extensions ['ignore', 'ignore_ament_install']
[0.316s] Level 1:colcon.colcon_core.package_identification:_identify(src/robo_bringup) by extension 'ignore'
[0.316s] Level 1:colcon.colcon_core.package_identification:_identify(src/robo_bringup) by extension 'ignore_ament_install'
[0.316s] Level 1:colcon.colcon_core.package_identification:_identify(src/robo_bringup) by extensions ['colcon_pkg']
[0.316s] Level 1:colcon.colcon_core.package_identification:_identify(src/robo_bringup) by extension 'colcon_pkg'
[0.316s] Level 1:colcon.colcon_core.package_identification:_identify(src/robo_bringup) by extensions ['colcon_meta']
[0.316s] Level 1:colcon.colcon_core.package_identification:_identify(src/robo_bringup) by extension 'colcon_meta'
[0.316s] Level 1:colcon.colcon_core.package_identification:_identify(src/robo_bringup) by extensions ['ros']
[0.316s] Level 1:colcon.colcon_core.package_identification:_identify(src/robo_bringup) by extension 'ros'
[0.318s] DEBUG:colcon.colcon_core.package_identification:Package 'src/robo_bringup' with type 'ros.ament_cmake' and name 'robo_bringup'
[0.318s] Level 1:colcon.colcon_core.package_identification:_identify(src/robo_description) by extensions ['ignore', 'ignore_ament_install']
[0.318s] Level 1:colcon.colcon_core.package_identification:_identify(src/robo_description) by extension 'ignore'
[0.318s] Level 1:colcon.colcon_core.package_identification:_identify(src/robo_description) by extension 'ignore_ament_install'
[0.318s] Level 1:colcon.colcon_core.package_identification:_identify(src/robo_description) by extensions ['colcon_pkg']
[0.318s] Level 1:colcon.colcon_core.package_identification:_identify(src/robo_description) by extension 'colcon_pkg'
[0.319s] Level 1:colcon.colcon_core.package_identification:_identify(src/robo_description) by extensions ['colcon_meta']
[0.319s] Level 1:colcon.colcon_core.package_identification:_identify(src/robo_description) by extension 'colcon_meta'
[0.319s] Level 1:colcon.colcon_core.package_identification:_identify(src/robo_description) by extensions ['ros']
[0.319s] Level 1:colcon.colcon_core.package_identification:_identify(src/robo_description) by extension 'ros'
[0.319s] DEBUG:colcon.colcon_core.package_identification:Package 'src/robo_description' with type 'ros.ament_cmake' and name 'robo_description'
[0.319s] Level 1:colcon.colcon_core.package_discovery:discover_packages(recursive) using defaults
[0.320s] Level 1:colcon.colcon_core.package_discovery:discover_packages(ignore) discover
[0.320s] Level 1:colcon.colcon_core.package_discovery:discover_packages(ignore) using defaults
[0.320s] Level 1:colcon.colcon_core.package_discovery:discover_packages(path) discover
[0.320s] Level 1:colcon.colcon_core.package_discovery:discover_packages(path) using defaults
[0.348s] Level 1:colcon.colcon_core.package_discovery:discover_packages(prefix_path) check parameters
[0.348s] Level 1:colcon.colcon_core.package_discovery:discover_packages(prefix_path) discover
[0.350s] DEBUG:colcon.colcon_installed_package_information.package_discovery:Found 2 installed packages in /home/fox/robo_simulation_ws/install
[0.350s] DEBUG:colcon.colcon_installed_package_information.package_discovery:Found 4 installed packages in /home/fox/jarvis_ws/install
[0.351s] DEBUG:colcon.colcon_installed_package_information.package_discovery:Found 4 installed packages in /home/fox/catch_the_turtle_ws/install
[0.351s] DEBUG:colcon.colcon_installed_package_information.package_discovery:Found 5 installed packages in /home/fox/ws/install
[0.352s] DEBUG:colcon.colcon_installed_package_information.package_discovery:Found 282 installed packages in /opt/ros/humble
[0.354s] Level 1:colcon.colcon_core.package_discovery:discover_packages(prefix_path) using defaults
[0.391s] Level 5:colcon.colcon_core.verb:set package 'robo_description' build argument 'cmake_args' from command line to 'None'
[0.391s] Level 5:colcon.colcon_core.verb:set package 'robo_description' build argument 'cmake_target' from command line to 'None'
[0.391s] Level 5:colcon.colcon_core.verb:set package 'robo_description' build argument 'cmake_target_skip_unavailable' from command line to 'False'
[0.391s] Level 5:colcon.colcon_core.verb:set package 'robo_description' build argument 'cmake_clean_cache' from command line to 'False'
[0.391s] Level 5:colcon.colcon_core.verb:set package 'robo_description' build argument 'cmake_clean_first' from command line to 'False'
[0.391s] Level 5:colcon.colcon_core.verb:set package 'robo_description' build argument 'cmake_force_configure' from command line to 'False'
[0.391s] Level 5:colcon.colcon_core.verb:set package 'robo_description' build argument 'ament_cmake_args' from command line to 'None'
[0.391s] Level 5:colcon.colcon_core.verb:set package 'robo_description' build argument 'catkin_cmake_args' from command line to 'None'
[0.391s] Level 5:colcon.colcon_core.verb:set package 'robo_description' build argument 'catkin_skip_building_tests' from command line to 'False'
[0.391s] DEBUG:colcon.colcon_core.verb:Building package 'robo_description' with the following arguments: {'ament_cmake_args': None, 'build_base': '/home/fox/robo_simulation_ws/build/robo_description', 'catkin_cmake_args': None, 'catkin_skip_building_tests': False, 'cmake_args': None, 'cmake_clean_cache': False, 'cmake_clean_first': False, 'cmake_force_configure': False, 'cmake_target': None, 'cmake_target_skip_unavailable': False, 'install_base': '/home/fox/robo_simulation_ws/install/robo_description', 'merge_install': False, 'path': '/home/fox/robo_simulation_ws/src/robo_description', 'symlink_install': True, 'test_result_base': None}
[0.391s] Level 5:colcon.colcon_core.verb:set package 'robo_bringup' build argument 'cmake_args' from command line to 'None'
[0.391s] Level 5:colcon.colcon_core.verb:set package 'robo_bringup' build argument 'cmake_target' from command line to 'None'
[0.391s] Level 5:colcon.colcon_core.verb:set package 'robo_bringup' build argument 'cmake_target_skip_unavailable' from command line to 'False'
[0.392s] Level 5:colcon.colcon_core.verb:set package 'robo_bringup' build argument 'cmake_clean_cache' from command line to 'False'
[0.392s] Level 5:colcon.colcon_core.verb:set package 'robo_bringup' build argument 'cmake_clean_first' from command line to 'False'
[0.392s] Level 5:colcon.colcon_core.verb:set package 'robo_bringup' build argument 'cmake_force_configure' from command line to 'False'
[0.392s] Level 5:colcon.colcon_core.verb:set package 'robo_bringup' build argument 'ament_cmake_args' from command line to 'None'
[0.392s] Level 5:colcon.colcon_core.verb:set package 'robo_bringup' build argument 'catkin_cmake_args' from command line to 'None'
[0.392s] Level 5:colcon.colcon_core.verb:set package 'robo_bringup' build argument 'catkin_skip_building_tests' from command line to 'False'
[0.392s] DEBUG:colcon.colcon_core.verb:Building package 'robo_bringup' with the following arguments: {'ament_cmake_args': None, 'build_base': '/home/fox/robo_simulation_ws/build/robo_bringup', 'catkin_cmake_args': None, 'catkin_skip_building_tests': False, 'cmake_args': None, 'cmake_clean_cache': False, 'cmake_clean_first': False, 'cmake_force_configure': False, 'cmake_target': None, 'cmake_target_skip_unavailable': False, 'install_base': '/home/fox/robo_simulation_ws/install/robo_bringup', 'merge_install': False, 'path': '/home/fox/robo_simulation_ws/src/robo_bringup', 'symlink_install': True, 'test_result_base': None}
[0.392s] INFO:colcon.colcon_core.executor:Executing jobs using 'parallel' executor
[0.393s] DEBUG:colcon.colcon_parallel_executor.executor.parallel:run_until_complete
[0.393s] INFO:colcon.colcon_ros.task.ament_cmake.build:Building ROS package in '/home/fox/robo_simulation_ws/src/robo_description' with build type 'ament_cmake'
[0.393s] INFO:colcon.colcon_cmake.task.cmake.build:Building CMake package in '/home/fox/robo_simulation_ws/src/robo_description'
[0.395s] INFO:colcon.colcon_core.plugin_system:Skipping extension 'colcon_core.shell.bat': Not used on non-Windows systems
[0.395s] INFO:colcon.colcon_core.shell:Skip shell extension 'powershell' for command environment: Not usable outside of PowerShell
[0.395s] DEBUG:colcon.colcon_core.shell:Skip shell extension 'dsv' for command environment
[0.405s] DEBUG:colcon.colcon_core.event_handler.log_command:Invoking command in '/home/fox/robo_simulation_ws/build/robo_description': CMAKE_PREFIX_PATH=${CMAKE_PREFIX_PATH}:/home/fox/catch_the_turtle_ws/install/catch_the_turtle:/home/fox/jarvis_ws/install/jarvis:/home/fox/ws/install/camera_vision:/opt/ros/humble /usr/bin/cmake --build /home/fox/robo_simulation_ws/build/robo_description -- -j8 -l8
[0.451s] DEBUG:colcon.colcon_core.event_handler.log_command:Invoked command in '/home/fox/robo_simulation_ws/build/robo_description' returned '0': CMAKE_PREFIX_PATH=${CMAKE_PREFIX_PATH}:/home/fox/catch_the_turtle_ws/install/catch_the_turtle:/home/fox/jarvis_ws/install/jarvis:/home/fox/ws/install/camera_vision:/opt/ros/humble /usr/bin/cmake --build /home/fox/robo_simulation_ws/build/robo_description -- -j8 -l8
[0.487s] DEBUG:colcon.colcon_core.event_handler.log_command:Invoking command in '/home/fox/robo_simulation_ws/build/robo_description': CMAKE_PREFIX_PATH=${CMAKE_PREFIX_PATH}:/home/fox/catch_the_turtle_ws/install/catch_the_turtle:/home/fox/jarvis_ws/install/jarvis:/home/fox/ws/install/camera_vision:/opt/ros/humble /usr/bin/cmake --install /home/fox/robo_simulation_ws/build/robo_description
[0.512s] Level 1:colcon.colcon_core.environment:create_environment_scripts_only(robo_description)
[0.513s] DEBUG:colcon.colcon_core.event_handler.log_command:Invoked command in '/home/fox/robo_simulation_ws/build/robo_description' returned '0': CMAKE_PREFIX_PATH=${CMAKE_PREFIX_PATH}:/home/fox/catch_the_turtle_ws/install/catch_the_turtle:/home/fox/jarvis_ws/install/jarvis:/home/fox/ws/install/camera_vision:/opt/ros/humble /usr/bin/cmake --install /home/fox/robo_simulation_ws/build/robo_description
[0.515s] Level 1:colcon.colcon_core.environment:checking '/home/fox/robo_simulation_ws/install/robo_description' for CMake module files
[0.516s] Level 1:colcon.colcon_core.environment:checking '/home/fox/robo_simulation_ws/install/robo_description' for CMake config files
[0.516s] Level 1:colcon.colcon_core.shell:create_environment_hook('robo_description', 'cmake_prefix_path')
[0.516s] INFO:colcon.colcon_core.shell:Creating environment hook '/home/fox/robo_simulation_ws/install/robo_description/share/robo_description/hook/cmake_prefix_path.ps1'
[0.516s] INFO:colcon.colcon_core.shell:Creating environment descriptor '/home/fox/robo_simulation_ws/install/robo_description/share/robo_description/hook/cmake_prefix_path.dsv'
[0.517s] INFO:colcon.colcon_core.shell:Creating environment hook '/home/fox/robo_simulation_ws/install/robo_description/share/robo_description/hook/cmake_prefix_path.sh'
[0.518s] Level 1:colcon.colcon_core.environment:checking '/home/fox/robo_simulation_ws/install/robo_description/bin'
[0.518s] Level 1:colcon.colcon_core.environment:checking '/home/fox/robo_simulation_ws/install/robo_description/lib/pkgconfig/robo_description.pc'
[0.518s] Level 1:colcon.colcon_core.environment:checking '/home/fox/robo_simulation_ws/install/robo_description/lib/python3.10/site-packages'
[0.518s] Level 1:colcon.colcon_core.environment:checking '/home/fox/robo_simulation_ws/install/robo_description/bin'
[0.518s] INFO:colcon.colcon_core.shell:Creating package script '/home/fox/robo_simulation_ws/install/robo_description/share/robo_description/package.ps1'
[0.519s] INFO:colcon.colcon_core.shell:Creating package descriptor '/home/fox/robo_simulation_ws/install/robo_description/share/robo_description/package.dsv'
[0.520s] INFO:colcon.colcon_core.shell:Creating package script '/home/fox/robo_simulation_ws/install/robo_description/share/robo_description/package.sh'
[0.520s] INFO:colcon.colcon_core.shell:Creating package script '/home/fox/robo_simulation_ws/install/robo_description/share/robo_description/package.bash'
[0.521s] INFO:colcon.colcon_core.shell:Creating package script '/home/fox/robo_simulation_ws/install/robo_description/share/robo_description/package.zsh'
[0.522s] Level 1:colcon.colcon_core.environment:create_file_with_runtime_dependencies(/home/fox/robo_simulation_ws/install/robo_description/share/colcon-core/packages/robo_description)
[0.547s] Level 1:colcon.colcon_core.environment:create_environment_scripts_only(robo_description)
[0.548s] Level 1:colcon.colcon_core.environment:checking '/home/fox/robo_simulation_ws/install/robo_description' for CMake module files
[0.548s] Level 1:colcon.colcon_core.environment:checking '/home/fox/robo_simulation_ws/install/robo_description' for CMake config files
[0.548s] Level 1:colcon.colcon_core.shell:create_environment_hook('robo_description', 'cmake_prefix_path')
[0.548s] INFO:colcon.colcon_core.shell:Creating environment hook '/home/fox/robo_simulation_ws/install/robo_description/share/robo_description/hook/cmake_prefix_path.ps1'
[0.549s] INFO:colcon.colcon_core.shell:Creating environment descriptor '/home/fox/robo_simulation_ws/install/robo_description/share/robo_description/hook/cmake_prefix_path.dsv'
[0.549s] INFO:colcon.colcon_core.shell:Creating environment hook '/home/fox/robo_simulation_ws/install/robo_description/share/robo_description/hook/cmake_prefix_path.sh'
[0.550s] Level 1:colcon.colcon_core.environment:checking '/home/fox/robo_simulation_ws/install/robo_description/bin'
[0.550s] Level 1:colcon.colcon_core.environment:checking '/home/fox/robo_simulation_ws/install/robo_description/lib/pkgconfig/robo_description.pc'
[0.550s] Level 1:colcon.colcon_core.environment:checking '/home/fox/robo_simulation_ws/install/robo_description/lib/python3.10/site-packages'
[0.550s] Level 1:colcon.colcon_core.environment:checking '/home/fox/robo_simulation_ws/install/robo_description/bin'
[0.550s] INFO:colcon.colcon_core.shell:Creating package script '/home/fox/robo_simulation_ws/install/robo_description/share/robo_description/package.ps1'
[0.551s] INFO:colcon.colcon_core.shell:Creating package descriptor '/home/fox/robo_simulation_ws/install/robo_description/share/robo_description/package.dsv'
[0.551s] INFO:colcon.colcon_core.shell:Creating package script '/home/fox/robo_simulation_ws/install/robo_description/share/robo_description/package.sh'
[0.552s] INFO:colcon.colcon_core.shell:Creating package script '/home/fox/robo_simulation_ws/install/robo_description/share/robo_description/package.bash'
[0.552s] INFO:colcon.colcon_core.shell:Creating package script '/home/fox/robo_simulation_ws/install/robo_description/share/robo_description/package.zsh'
[0.552s] Level 1:colcon.colcon_core.environment:create_file_with_runtime_dependencies(/home/fox/robo_simulation_ws/install/robo_description/share/colcon-core/packages/robo_description)
[0.553s] INFO:colcon.colcon_ros.task.ament_cmake.build:Building ROS package in '/home/fox/robo_simulation_ws/src/robo_bringup' with build type 'ament_cmake'
[0.553s] INFO:colcon.colcon_cmake.task.cmake.build:Building CMake package in '/home/fox/robo_simulation_ws/src/robo_bringup'
[0.553s] INFO:colcon.colcon_core.shell:Skip shell extension 'powershell' for command environment: Not usable outside of PowerShell
[0.553s] DEBUG:colcon.colcon_core.shell:Skip shell extension 'dsv' for command environment
[0.564s] DEBUG:colcon.colcon_core.event_handler.log_command:Invoking command in '/home/fox/robo_simulation_ws/build/robo_bringup': CMAKE_PREFIX_PATH=/home/fox/robo_simulation_ws/install/robo_description:/home/fox/catch_the_turtle_ws/install/turtle_catcher_bringup:/home/fox/catch_the_turtle_ws/install/custom_interface:/home/fox/catch_the_turtle_ws/install/catch_the_turtle_interface:/home/fox/robo_simulation_ws/install/robo_bringup:/home/fox/jarvis_ws/install/jarvis_interfaces:/home/fox/jarvis_ws/install/jarvis_bringup:/home/fox/jarvis_ws/install/jarvis_description:/home/fox/ws/install/my_robot_interfaces:/home/fox/ws/install/my_custom_interfaces:/home/fox/ws/install/led_battery_interface:/home/fox/ws/install/demo_bringup:/home/fox/catch_the_turtle_ws/install/catch_the_turtle:/home/fox/jarvis_ws/install/jarvis:/home/fox/ws/install/camera_vision:/opt/ros/humble /usr/bin/cmake --build /home/fox/robo_simulation_ws/build/robo_bringup -- -j8 -l8
[0.607s] DEBUG:colcon.colcon_core.event_handler.log_command:Invoked command in '/home/fox/robo_simulation_ws/build/robo_bringup' returned '0': CMAKE_PREFIX_PATH=/home/fox/robo_simulation_ws/install/robo_description:/home/fox/catch_the_turtle_ws/install/turtle_catcher_bringup:/home/fox/catch_the_turtle_ws/install/custom_interface:/home/fox/catch_the_turtle_ws/install/catch_the_turtle_interface:/home/fox/robo_simulation_ws/install/robo_bringup:/home/fox/jarvis_ws/install/jarvis_interfaces:/home/fox/jarvis_ws/install/jarvis_bringup:/home/fox/jarvis_ws/install/jarvis_description:/home/fox/ws/install/my_robot_interfaces:/home/fox/ws/install/my_custom_interfaces:/home/fox/ws/install/led_battery_interface:/home/fox/ws/install/demo_bringup:/home/fox/catch_the_turtle_ws/install/catch_the_turtle:/home/fox/jarvis_ws/install/jarvis:/home/fox/ws/install/camera_vision:/opt/ros/humble /usr/bin/cmake --build /home/fox/robo_simulation_ws/build/robo_bringup -- -j8 -l8
[0.637s] DEBUG:colcon.colcon_core.event_handler.log_command:Invoking command in '/home/fox/robo_simulation_ws/build/robo_bringup': CMAKE_PREFIX_PATH=/home/fox/robo_simulation_ws/install/robo_description:/home/fox/catch_the_turtle_ws/install/turtle_catcher_bringup:/home/fox/catch_the_turtle_ws/install/custom_interface:/home/fox/catch_the_turtle_ws/install/catch_the_turtle_interface:/home/fox/robo_simulation_ws/install/robo_bringup:/home/fox/jarvis_ws/install/jarvis_interfaces:/home/fox/jarvis_ws/install/jarvis_bringup:/home/fox/jarvis_ws/install/jarvis_description:/home/fox/ws/install/my_robot_interfaces:/home/fox/ws/install/my_custom_interfaces:/home/fox/ws/install/led_battery_interface:/home/fox/ws/install/demo_bringup:/home/fox/catch_the_turtle_ws/install/catch_the_turtle:/home/fox/jarvis_ws/install/jarvis:/home/fox/ws/install/camera_vision:/opt/ros/humble /usr/bin/cmake --install /home/fox/robo_simulation_ws/build/robo_bringup
[0.661s] Level 1:colcon.colcon_core.environment:create_environment_scripts_only(robo_bringup)
[0.661s] Level 1:colcon.colcon_core.environment:checking '/home/fox/robo_simulation_ws/install/robo_bringup' for CMake module files
[0.662s] DEBUG:colcon.colcon_core.event_handler.log_command:Invoked command in '/home/fox/robo_simulation_ws/build/robo_bringup' returned '0': CMAKE_PREFIX_PATH=/home/fox/robo_simulation_ws/install/robo_description:/home/fox/catch_the_turtle_ws/install/turtle_catcher_bringup:/home/fox/catch_the_turtle_ws/install/custom_interface:/home/fox/catch_the_turtle_ws/install/catch_the_turtle_interface:/home/fox/robo_simulation_ws/install/robo_bringup:/home/fox/jarvis_ws/install/jarvis_interfaces:/home/fox/jarvis_ws/install/jarvis_bringup:/home/fox/jarvis_ws/install/jarvis_description:/home/fox/ws/install/my_robot_interfaces:/home/fox/ws/install/my_custom_interfaces:/home/fox/ws/install/led_battery_interface:/home/fox/ws/install/demo_bringup:/home/fox/catch_the_turtle_ws/install/catch_the_turtle:/home/fox/jarvis_ws/install/jarvis:/home/fox/ws/install/camera_vision:/opt/ros/humble /usr/bin/cmake --install /home/fox/robo_simulation_ws/build/robo_bringup
[0.662s] Level 1:colcon.colcon_core.environment:checking '/home/fox/robo_simulation_ws/install/robo_bringup' for CMake config files
[0.662s] Level 1:colcon.colcon_core.shell:create_environment_hook('robo_bringup', 'cmake_prefix_path')
[0.663s] INFO:colcon.colcon_core.shell:Creating environment hook '/home/fox/robo_simulation_ws/install/robo_bringup/share/robo_bringup/hook/cmake_prefix_path.ps1'
[0.663s] INFO:colcon.colcon_core.shell:Creating environment descriptor '/home/fox/robo_simulation_ws/install/robo_bringup/share/robo_bringup/hook/cmake_prefix_path.dsv'
[0.663s] INFO:colcon.colcon_core.shell:Creating environment hook '/home/fox/robo_simulation_ws/install/robo_bringup/share/robo_bringup/hook/cmake_prefix_path.sh'
[0.664s] Level 1:colcon.colcon_core.environment:checking '/home/fox/robo_simulation_ws/install/robo_bringup/bin'
[0.664s] Level 1:colcon.colcon_core.environment:checking '/home/fox/robo_simulation_ws/install/robo_bringup/lib/pkgconfig/robo_bringup.pc'
[0.664s] Level 1:colcon.colcon_core.environment:checking '/home/fox/robo_simulation_ws/install/robo_bringup/lib/python3.10/site-packages'
[0.664s] Level 1:colcon.colcon_core.environment:checking '/home/fox/robo_simulation_ws/install/robo_bringup/bin'
[0.664s] INFO:colcon.colcon_core.shell:Creating package script '/home/fox/robo_simulation_ws/install/robo_bringup/share/robo_bringup/package.ps1'
[0.665s] INFO:colcon.colcon_core.shell:Creating package descriptor '/home/fox/robo_simulation_ws/install/robo_bringup/share/robo_bringup/package.dsv'
[0.665s] INFO:colcon.colcon_core.shell:Creating package script '/home/fox/robo_simulation_ws/install/robo_bringup/share/robo_bringup/package.sh'
[0.665s] INFO:colcon.colcon_core.shell:Creating package script '/home/fox/robo_simulation_ws/install/robo_bringup/share/robo_bringup/package.bash'
[0.666s] INFO:colcon.colcon_core.shell:Creating package script '/home/fox/robo_simulation_ws/install/robo_bringup/share/robo_bringup/package.zsh'
[0.666s] Level 1:colcon.colcon_core.environment:create_file_with_runtime_dependencies(/home/fox/robo_simulation_ws/install/robo_bringup/share/colcon-core/packages/robo_bringup)
[0.692s] Level 1:colcon.colcon_core.environment:create_environment_scripts_only(robo_bringup)
[0.692s] Level 1:colcon.colcon_core.environment:checking '/home/fox/robo_simulation_ws/install/robo_bringup' for CMake module files
[0.692s] Level 1:colcon.colcon_core.environment:checking '/home/fox/robo_simulation_ws/install/robo_bringup' for CMake config files
[0.692s] Level 1:colcon.colcon_core.shell:create_environment_hook('robo_bringup', 'cmake_prefix_path')
[0.693s] INFO:colcon.colcon_core.shell:Creating environment hook '/home/fox/robo_simulation_ws/install/robo_bringup/share/robo_bringup/hook/cmake_prefix_path.ps1'
[0.693s] INFO:colcon.colcon_core.shell:Creating environment descriptor '/home/fox/robo_simulation_ws/install/robo_bringup/share/robo_bringup/hook/cmake_prefix_path.dsv'
[0.693s] INFO:colcon.colcon_core.shell:Creating environment hook '/home/fox/robo_simulation_ws/install/robo_bringup/share/robo_bringup/hook/cmake_prefix_path.sh'
[0.694s] Level 1:colcon.colcon_core.environment:checking '/home/fox/robo_simulation_ws/install/robo_bringup/bin'
[0.694s] Level 1:colcon.colcon_core.environment:checking '/home/fox/robo_simulation_ws/install/robo_bringup/lib/pkgconfig/robo_bringup.pc'
[0.694s] Level 1:colcon.colcon_core.environment:checking '/home/fox/robo_simulation_ws/install/robo_bringup/lib/python3.10/site-packages'
[0.694s] Level 1:colcon.colcon_core.environment:checking '/home/fox/robo_simulation_ws/install/robo_bringup/bin'
[0.695s] INFO:colcon.colcon_core.shell:Creating package script '/home/fox/robo_simulation_ws/install/robo_bringup/share/robo_bringup/package.ps1'
[0.695s] INFO:colcon.colcon_core.shell:Creating package descriptor '/home/fox/robo_simulation_ws/install/robo_bringup/share/robo_bringup/package.dsv'
[0.695s] INFO:colcon.colcon_core.shell:Creating package script '/home/fox/robo_simulation_ws/install/robo_bringup/share/robo_bringup/package.sh'
[0.696s] INFO:colcon.colcon_core.shell:Creating package script '/home/fox/robo_simulation_ws/install/robo_bringup/share/robo_bringup/package.bash'
[0.696s] INFO:colcon.colcon_core.shell:Creating package script '/home/fox/robo_simulation_ws/install/robo_bringup/share/robo_bringup/package.zsh'
[0.696s] Level 1:colcon.colcon_core.environment:create_file_with_runtime_dependencies(/home/fox/robo_simulation_ws/install/robo_bringup/share/colcon-core/packages/robo_bringup)
[0.697s] DEBUG:colcon.colcon_parallel_executor.executor.parallel:closing loop
[0.697s] DEBUG:colcon.colcon_parallel_executor.executor.parallel:loop closed
[0.697s] DEBUG:colcon.colcon_parallel_executor.executor.parallel:run_until_complete finished with '0'
[0.697s] DEBUG:colcon.colcon_core.event_reactor:joining thread
[0.703s] INFO:colcon.colcon_core.plugin_system:Skipping extension 'colcon_notification.desktop_notification.terminal_notifier': Not used on non-Darwin systems
[0.703s] INFO:colcon.colcon_core.plugin_system:Skipping extension 'colcon_notification.desktop_notification.win32': Not used on non-Windows systems
[0.703s] INFO:colcon.colcon_notification.desktop_notification:Sending desktop notification using 'notify2'
[0.713s] DEBUG:colcon.colcon_core.event_reactor:joined thread
[0.714s] INFO:colcon.colcon_core.shell:Creating prefix script '/home/fox/robo_simulation_ws/install/local_setup.ps1'
[0.715s] INFO:colcon.colcon_core.shell:Creating prefix util module '/home/fox/robo_simulation_ws/install/_local_setup_util_ps1.py'
[0.716s] INFO:colcon.colcon_core.shell:Creating prefix chain script '/home/fox/robo_simulation_ws/install/setup.ps1'
[0.718s] INFO:colcon.colcon_core.shell:Creating prefix script '/home/fox/robo_simulation_ws/install/local_setup.sh'
[0.718s] INFO:colcon.colcon_core.shell:Creating prefix util module '/home/fox/robo_simulation_ws/install/_local_setup_util_sh.py'
[0.719s] INFO:colcon.colcon_core.shell:Creating prefix chain script '/home/fox/robo_simulation_ws/install/setup.sh'
[0.721s] INFO:colcon.colcon_core.shell:Creating prefix script '/home/fox/robo_simulation_ws/install/local_setup.bash'
[0.721s] INFO:colcon.colcon_core.shell:Creating prefix chain script '/home/fox/robo_simulation_ws/install/setup.bash'
[0.722s] INFO:colcon.colcon_core.shell:Creating prefix script '/home/fox/robo_simulation_ws/install/local_setup.zsh'
[0.723s] INFO:colcon.colcon_core.shell:Creating prefix chain script '/home/fox/robo_simulation_ws/install/setup.zsh'
