[0.010s] Invoking command in '/home/fox/robo_simulation_ws/build/robo_bringup': AMENT_PREFIX_PATH=/home/fox/robo_simulation_ws/install/robo_description:${AMENT_PREFIX_PATH} CMAKE_PREFIX_PATH=/home/fox/robo_simulation_ws/install/robo_description:/home/fox/catch_the_turtle_ws/install/turtle_catcher_bringup:/home/fox/catch_the_turtle_ws/install/custom_interface:/home/fox/catch_the_turtle_ws/install/catch_the_turtle_interface:/home/fox/jarvis_ws/install/jarvis_interfaces:/home/fox/jarvis_ws/install/jarvis_bringup:/home/fox/jarvis_ws/install/jarvis_description:/home/fox/ws/install/my_robot_interfaces:/home/fox/ws/install/my_custom_interfaces:/home/fox/ws/install/led_battery_interface:/home/fox/ws/install/demo_bringup:/home/fox/catch_the_turtle_ws/install/catch_the_turtle:/home/fox/jarvis_ws/install/jarvis:/home/fox/ws/install/camera_vision:/opt/ros/humble /usr/bin/cmake /home/fox/robo_simulation_ws/src/robo_bringup -DCMAKE_INSTALL_PREFIX=/home/fox/robo_simulation_ws/install/robo_bringup
[0.066s] -- The C compiler identification is GNU 11.4.0
[0.120s] -- The CXX compiler identification is GNU 11.4.0
[0.127s] -- Detecting C compiler ABI info
[0.200s] -- Detecting C compiler ABI info - done
[0.207s] -- Check for working C compiler: /usr/bin/cc - skipped
[0.207s] -- Detecting C compile features
[0.207s] -- Detecting C compile features - done
[0.210s] -- Detecting CXX compiler ABI info
[0.292s] -- Detecting CXX compiler ABI info - done
[0.299s] -- Check for working CXX compiler: /usr/bin/c++ - skipped
[0.299s] -- Detecting CXX compile features
[0.300s] -- Detecting CXX compile features - done
[0.303s] -- Found ament_cmake: 1.3.8 (/opt/ros/humble/share/ament_cmake/cmake)
[0.465s] -- Found Python3: /usr/bin/python3 (found version "3.10.12") found components: Interpreter 
[0.631s] -- Configuring done
[0.633s] -- Generating done
[0.634s] -- Build files have been written to: /home/fox/robo_simulation_ws/build/robo_bringup
[0.639s] Invoked command in '/home/fox/robo_simulation_ws/build/robo_bringup' returned '0': AMENT_PREFIX_PATH=/home/fox/robo_simulation_ws/install/robo_description:${AMENT_PREFIX_PATH} CMAKE_PREFIX_PATH=/home/fox/robo_simulation_ws/install/robo_description:/home/fox/catch_the_turtle_ws/install/turtle_catcher_bringup:/home/fox/catch_the_turtle_ws/install/custom_interface:/home/fox/catch_the_turtle_ws/install/catch_the_turtle_interface:/home/fox/jarvis_ws/install/jarvis_interfaces:/home/fox/jarvis_ws/install/jarvis_bringup:/home/fox/jarvis_ws/install/jarvis_description:/home/fox/ws/install/my_robot_interfaces:/home/fox/ws/install/my_custom_interfaces:/home/fox/ws/install/led_battery_interface:/home/fox/ws/install/demo_bringup:/home/fox/catch_the_turtle_ws/install/catch_the_turtle:/home/fox/jarvis_ws/install/jarvis:/home/fox/ws/install/camera_vision:/opt/ros/humble /usr/bin/cmake /home/fox/robo_simulation_ws/src/robo_bringup -DCMAKE_INSTALL_PREFIX=/home/fox/robo_simulation_ws/install/robo_bringup
[0.640s] Invoking command in '/home/fox/robo_simulation_ws/build/robo_bringup': AMENT_PREFIX_PATH=/home/fox/robo_simulation_ws/install/robo_description:${AMENT_PREFIX_PATH} CMAKE_PREFIX_PATH=/home/fox/robo_simulation_ws/install/robo_description:/home/fox/catch_the_turtle_ws/install/turtle_catcher_bringup:/home/fox/catch_the_turtle_ws/install/custom_interface:/home/fox/catch_the_turtle_ws/install/catch_the_turtle_interface:/home/fox/jarvis_ws/install/jarvis_interfaces:/home/fox/jarvis_ws/install/jarvis_bringup:/home/fox/jarvis_ws/install/jarvis_description:/home/fox/ws/install/my_robot_interfaces:/home/fox/ws/install/my_custom_interfaces:/home/fox/ws/install/led_battery_interface:/home/fox/ws/install/demo_bringup:/home/fox/catch_the_turtle_ws/install/catch_the_turtle:/home/fox/jarvis_ws/install/jarvis:/home/fox/ws/install/camera_vision:/opt/ros/humble /usr/bin/cmake --build /home/fox/robo_simulation_ws/build/robo_bringup -- -j8 -l8
[0.683s] Invoked command in '/home/fox/robo_simulation_ws/build/robo_bringup' returned '0': AMENT_PREFIX_PATH=/home/fox/robo_simulation_ws/install/robo_description:${AMENT_PREFIX_PATH} CMAKE_PREFIX_PATH=/home/fox/robo_simulation_ws/install/robo_description:/home/fox/catch_the_turtle_ws/install/turtle_catcher_bringup:/home/fox/catch_the_turtle_ws/install/custom_interface:/home/fox/catch_the_turtle_ws/install/catch_the_turtle_interface:/home/fox/jarvis_ws/install/jarvis_interfaces:/home/fox/jarvis_ws/install/jarvis_bringup:/home/fox/jarvis_ws/install/jarvis_description:/home/fox/ws/install/my_robot_interfaces:/home/fox/ws/install/my_custom_interfaces:/home/fox/ws/install/led_battery_interface:/home/fox/ws/install/demo_bringup:/home/fox/catch_the_turtle_ws/install/catch_the_turtle:/home/fox/jarvis_ws/install/jarvis:/home/fox/ws/install/camera_vision:/opt/ros/humble /usr/bin/cmake --build /home/fox/robo_simulation_ws/build/robo_bringup -- -j8 -l8
[0.709s] Invoking command in '/home/fox/robo_simulation_ws/build/robo_bringup': AMENT_PREFIX_PATH=/home/fox/robo_simulation_ws/install/robo_description:${AMENT_PREFIX_PATH} CMAKE_PREFIX_PATH=/home/fox/robo_simulation_ws/install/robo_description:/home/fox/catch_the_turtle_ws/install/turtle_catcher_bringup:/home/fox/catch_the_turtle_ws/install/custom_interface:/home/fox/catch_the_turtle_ws/install/catch_the_turtle_interface:/home/fox/jarvis_ws/install/jarvis_interfaces:/home/fox/jarvis_ws/install/jarvis_bringup:/home/fox/jarvis_ws/install/jarvis_description:/home/fox/ws/install/my_robot_interfaces:/home/fox/ws/install/my_custom_interfaces:/home/fox/ws/install/led_battery_interface:/home/fox/ws/install/demo_bringup:/home/fox/catch_the_turtle_ws/install/catch_the_turtle:/home/fox/jarvis_ws/install/jarvis:/home/fox/ws/install/camera_vision:/opt/ros/humble /usr/bin/cmake --install /home/fox/robo_simulation_ws/build/robo_bringup
[0.718s] -- Install configuration: ""
[0.718s] -- Installing: /home/fox/robo_simulation_ws/install/robo_bringup/share/robo_bringup//launch
[0.719s] -- Installing: /home/fox/robo_simulation_ws/install/robo_bringup/share/robo_bringup//launch/robo.launch.xml
[0.719s] -- Installing: /home/fox/robo_simulation_ws/install/robo_bringup/share/robo_bringup//launch/robo.launch.py
[0.719s] -- Installing: /home/fox/robo_simulation_ws/install/robo_bringup/share/robo_bringup//rviz
[0.719s] -- Installing: /home/fox/robo_simulation_ws/install/robo_bringup/share/ament_index/resource_index/package_run_dependencies/robo_bringup
[0.719s] -- Installing: /home/fox/robo_simulation_ws/install/robo_bringup/share/ament_index/resource_index/parent_prefix_path/robo_bringup
[0.719s] -- Installing: /home/fox/robo_simulation_ws/install/robo_bringup/share/robo_bringup/environment/ament_prefix_path.sh
[0.720s] -- Installing: /home/fox/robo_simulation_ws/install/robo_bringup/share/robo_bringup/environment/ament_prefix_path.dsv
[0.720s] -- Installing: /home/fox/robo_simulation_ws/install/robo_bringup/share/robo_bringup/environment/path.sh
[0.720s] -- Installing: /home/fox/robo_simulation_ws/install/robo_bringup/share/robo_bringup/environment/path.dsv
[0.720s] -- Installing: /home/fox/robo_simulation_ws/install/robo_bringup/share/robo_bringup/local_setup.bash
[0.720s] -- Installing: /home/fox/robo_simulation_ws/install/robo_bringup/share/robo_bringup/local_setup.sh
[0.720s] -- Installing: /home/fox/robo_simulation_ws/install/robo_bringup/share/robo_bringup/local_setup.zsh
[0.720s] -- Installing: /home/fox/robo_simulation_ws/install/robo_bringup/share/robo_bringup/local_setup.dsv
[0.721s] -- Installing: /home/fox/robo_simulation_ws/install/robo_bringup/share/robo_bringup/package.dsv
[0.721s] -- Installing: /home/fox/robo_simulation_ws/install/robo_bringup/share/ament_index/resource_index/packages/robo_bringup
[0.721s] -- Installing: /home/fox/robo_simulation_ws/install/robo_bringup/share/robo_bringup/cmake/robo_bringupConfig.cmake
[0.721s] -- Installing: /home/fox/robo_simulation_ws/install/robo_bringup/share/robo_bringup/cmake/robo_bringupConfig-version.cmake
[0.721s] -- Installing: /home/fox/robo_simulation_ws/install/robo_bringup/share/robo_bringup/package.xml
[0.723s] Invoked command in '/home/fox/robo_simulation_ws/build/robo_bringup' returned '0': AMENT_PREFIX_PATH=/home/fox/robo_simulation_ws/install/robo_description:${AMENT_PREFIX_PATH} CMAKE_PREFIX_PATH=/home/fox/robo_simulation_ws/install/robo_description:/home/fox/catch_the_turtle_ws/install/turtle_catcher_bringup:/home/fox/catch_the_turtle_ws/install/custom_interface:/home/fox/catch_the_turtle_ws/install/catch_the_turtle_interface:/home/fox/jarvis_ws/install/jarvis_interfaces:/home/fox/jarvis_ws/install/jarvis_bringup:/home/fox/jarvis_ws/install/jarvis_description:/home/fox/ws/install/my_robot_interfaces:/home/fox/ws/install/my_custom_interfaces:/home/fox/ws/install/led_battery_interface:/home/fox/ws/install/demo_bringup:/home/fox/catch_the_turtle_ws/install/catch_the_turtle:/home/fox/jarvis_ws/install/jarvis:/home/fox/ws/install/camera_vision:/opt/ros/humble /usr/bin/cmake --install /home/fox/robo_simulation_ws/build/robo_bringup
