[0.102s] DEBUG:colcon:Command line arguments: ['/usr/bin/colcon', 'build', '--symlink-install']
[0.102s] DEBUG:colcon:Parsed command line arguments: Namespace(log_base=None, log_level=None, verb_name='build', build_base='build', install_base='install', merge_install=False, symlink_install=True, test_result_base=None, continue_on_error=False, executor='parallel', parallel_workers=8, event_handlers=None, ignore_user_meta=False, metas=['./colcon.meta'], base_paths=['.'], packages_ignore=None, packages_ignore_regex=None, paths=None, packages_up_to=None, packages_up_to_regex=None, packages_above=None, packages_above_and_dependencies=None, packages_above_depth=None, packages_select_by_dep=None, packages_skip_by_dep=None, packages_skip_up_to=None, packages_select_build_failed=False, packages_skip_build_finished=False, packages_select_test_failures=False, packages_skip_test_passed=False, packages_select=None, packages_skip=None, packages_select_regex=None, packages_skip_regex=None, packages_start=None, packages_end=None, allow_overriding=[], cmake_args=None, cmake_target=None, cmake_target_skip_unavailable=False, cmake_clean_cache=False, cmake_clean_first=False, cmake_force_configure=False, ament_cmake_args=None, catkin_cmake_args=None, catkin_skip_building_tests=False, verb_parser=<colcon_defaults.argument_parser.defaults.DefaultArgumentsDecorator object at 0x7d5ea0f41db0>, verb_extension=<colcon_core.verb.build.BuildVerb object at 0x7d5ea103e830>, main=<bound method BuildVerb.main of <colcon_core.verb.build.BuildVerb object at 0x7d5ea103e830>>)
[0.294s] Level 1:colcon.colcon_core.package_discovery:discover_packages(colcon_meta) check parameters
[0.294s] Level 1:colcon.colcon_core.package_discovery:discover_packages(recursive) check parameters
[0.294s] Level 1:colcon.colcon_core.package_discovery:discover_packages(ignore) check parameters
[0.294s] Level 1:colcon.colcon_core.package_discovery:discover_packages(path) check parameters
[0.294s] Level 1:colcon.colcon_core.package_discovery:discover_packages(colcon_meta) discover
[0.294s] Level 1:colcon.colcon_core.package_discovery:discover_packages(recursive) discover
[0.294s] INFO:colcon.colcon_core.package_discovery:Crawling recursively for packages in '/home/fox/robo_simulation_ws'
[0.294s] Level 1:colcon.colcon_core.package_identification:_identify(.) by extensions ['ignore', 'ignore_ament_install']
[0.294s] Level 1:colcon.colcon_core.package_identification:_identify(.) by extension 'ignore'
[0.294s] Level 1:colcon.colcon_core.package_identification:_identify(.) by extension 'ignore_ament_install'
[0.295s] Level 1:colcon.colcon_core.package_identification:_identify(.) by extensions ['colcon_pkg']
[0.295s] Level 1:colcon.colcon_core.package_identification:_identify(.) by extension 'colcon_pkg'
[0.295s] Level 1:colcon.colcon_core.package_identification:_identify(.) by extensions ['colcon_meta']
[0.295s] Level 1:colcon.colcon_core.package_identification:_identify(.) by extension 'colcon_meta'
[0.295s] Level 1:colcon.colcon_core.package_identification:_identify(.) by extensions ['ros']
[0.295s] Level 1:colcon.colcon_core.package_identification:_identify(.) by extension 'ros'
[0.304s] Level 1:colcon.colcon_core.package_identification:_identify(.) by extensions ['cmake', 'python']
[0.304s] Level 1:colcon.colcon_core.package_identification:_identify(.) by extension 'cmake'
[0.304s] Level 1:colcon.colcon_core.package_identification:_identify(.) by extension 'python'
[0.304s] Level 1:colcon.colcon_core.package_identification:_identify(.) by extensions ['python_setup_py']
[0.304s] Level 1:colcon.colcon_core.package_identification:_identify(.) by extension 'python_setup_py'
[0.305s] Level 1:colcon.colcon_core.package_identification:_identify(build) by extensions ['ignore', 'ignore_ament_install']
[0.305s] Level 1:colcon.colcon_core.package_identification:_identify(build) by extension 'ignore'
[0.305s] Level 1:colcon.colcon_core.package_identification:_identify(build) ignored
[0.305s] Level 1:colcon.colcon_core.package_identification:_identify(install) by extensions ['ignore', 'ignore_ament_install']
[0.305s] Level 1:colcon.colcon_core.package_identification:_identify(install) by extension 'ignore'
[0.305s] Level 1:colcon.colcon_core.package_identification:_identify(install) ignored
[0.305s] Level 1:colcon.colcon_core.package_identification:_identify(log) by extensions ['ignore', 'ignore_ament_install']
[0.305s] Level 1:colcon.colcon_core.package_identification:_identify(log) by extension 'ignore'
[0.305s] Level 1:colcon.colcon_core.package_identification:_identify(log) ignored
[0.305s] Level 1:colcon.colcon_core.package_identification:_identify(src) by extensions ['ignore', 'ignore_ament_install']
[0.305s] Level 1:colcon.colcon_core.package_identification:_identify(src) by extension 'ignore'
[0.305s] Level 1:colcon.colcon_core.package_identification:_identify(src) by extension 'ignore_ament_install'
[0.305s] Level 1:colcon.colcon_core.package_identification:_identify(src) by extensions ['colcon_pkg']
[0.305s] Level 1:colcon.colcon_core.package_identification:_identify(src) by extension 'colcon_pkg'
[0.305s] Level 1:colcon.colcon_core.package_identification:_identify(src) by extensions ['colcon_meta']
[0.305s] Level 1:colcon.colcon_core.package_identification:_identify(src) by extension 'colcon_meta'
[0.306s] Level 1:colcon.colcon_core.package_identification:_identify(src) by extensions ['ros']
[0.306s] Level 1:colcon.colcon_core.package_identification:_identify(src) by extension 'ros'
[0.306s] Level 1:colcon.colcon_core.package_identification:_identify(src) by extensions ['cmake', 'python']
[0.306s] Level 1:colcon.colcon_core.package_identification:_identify(src) by extension 'cmake'
[0.306s] Level 1:colcon.colcon_core.package_identification:_identify(src) by extension 'python'
[0.306s] Level 1:colcon.colcon_core.package_identification:_identify(src) by extensions ['python_setup_py']
[0.306s] Level 1:colcon.colcon_core.package_identification:_identify(src) by extension 'python_setup_py'
[0.306s] Level 1:colcon.colcon_core.package_identification:_identify(src/robo_bringup) by extensions ['ignore', 'ignore_ament_install']
[0.306s] Level 1:colcon.colcon_core.package_identification:_identify(src/robo_bringup) by extension 'ignore'
[0.306s] Level 1:colcon.colcon_core.package_identification:_identify(src/robo_bringup) by extension 'ignore_ament_install'
[0.306s] Level 1:colcon.colcon_core.package_identification:_identify(src/robo_bringup) by extensions ['colcon_pkg']
[0.306s] Level 1:colcon.colcon_core.package_identification:_identify(src/robo_bringup) by extension 'colcon_pkg'
[0.306s] Level 1:colcon.colcon_core.package_identification:_identify(src/robo_bringup) by extensions ['colcon_meta']
[0.306s] Level 1:colcon.colcon_core.package_identification:_identify(src/robo_bringup) by extension 'colcon_meta'
[0.306s] Level 1:colcon.colcon_core.package_identification:_identify(src/robo_bringup) by extensions ['ros']
[0.306s] Level 1:colcon.colcon_core.package_identification:_identify(src/robo_bringup) by extension 'ros'
[0.308s] DEBUG:colcon.colcon_core.package_identification:Package 'src/robo_bringup' with type 'ros.ament_cmake' and name 'robo_bringup'
[0.308s] Level 1:colcon.colcon_core.package_identification:_identify(src/robot_description) by extensions ['ignore', 'ignore_ament_install']
[0.308s] Level 1:colcon.colcon_core.package_identification:_identify(src/robot_description) by extension 'ignore'
[0.308s] Level 1:colcon.colcon_core.package_identification:_identify(src/robot_description) by extension 'ignore_ament_install'
[0.308s] Level 1:colcon.colcon_core.package_identification:_identify(src/robot_description) by extensions ['colcon_pkg']
[0.308s] Level 1:colcon.colcon_core.package_identification:_identify(src/robot_description) by extension 'colcon_pkg'
[0.308s] Level 1:colcon.colcon_core.package_identification:_identify(src/robot_description) by extensions ['colcon_meta']
[0.308s] Level 1:colcon.colcon_core.package_identification:_identify(src/robot_description) by extension 'colcon_meta'
[0.309s] Level 1:colcon.colcon_core.package_identification:_identify(src/robot_description) by extensions ['ros']
[0.309s] Level 1:colcon.colcon_core.package_identification:_identify(src/robot_description) by extension 'ros'
[0.309s] DEBUG:colcon.colcon_core.package_identification:Package 'src/robot_description' with type 'ros.ament_cmake' and name 'robot_description'
[0.309s] Level 1:colcon.colcon_core.package_discovery:discover_packages(recursive) using defaults
[0.309s] Level 1:colcon.colcon_core.package_discovery:discover_packages(ignore) discover
[0.309s] Level 1:colcon.colcon_core.package_discovery:discover_packages(ignore) using defaults
[0.309s] Level 1:colcon.colcon_core.package_discovery:discover_packages(path) discover
[0.309s] Level 1:colcon.colcon_core.package_discovery:discover_packages(path) using defaults
[0.336s] Level 1:colcon.colcon_core.package_discovery:discover_packages(prefix_path) check parameters
[0.336s] Level 1:colcon.colcon_core.package_discovery:discover_packages(prefix_path) discover
[0.338s] DEBUG:colcon.colcon_installed_package_information.package_discovery:Found 3 installed packages in /home/fox/robo_simulation_ws/install
[0.338s] DEBUG:colcon.colcon_installed_package_information.package_discovery:Found 4 installed packages in /home/fox/catch_the_turtle_ws/install
[0.338s] DEBUG:colcon.colcon_installed_package_information.package_discovery:Found 5 installed packages in /home/fox/ws/install
[0.340s] DEBUG:colcon.colcon_installed_package_information.package_discovery:Found 282 installed packages in /opt/ros/humble
[0.341s] Level 1:colcon.colcon_core.package_discovery:discover_packages(prefix_path) using defaults
[0.377s] Level 5:colcon.colcon_core.verb:set package 'robot_description' build argument 'cmake_args' from command line to 'None'
[0.377s] Level 5:colcon.colcon_core.verb:set package 'robot_description' build argument 'cmake_target' from command line to 'None'
[0.377s] Level 5:colcon.colcon_core.verb:set package 'robot_description' build argument 'cmake_target_skip_unavailable' from command line to 'False'
[0.377s] Level 5:colcon.colcon_core.verb:set package 'robot_description' build argument 'cmake_clean_cache' from command line to 'False'
[0.377s] Level 5:colcon.colcon_core.verb:set package 'robot_description' build argument 'cmake_clean_first' from command line to 'False'
[0.377s] Level 5:colcon.colcon_core.verb:set package 'robot_description' build argument 'cmake_force_configure' from command line to 'False'
[0.377s] Level 5:colcon.colcon_core.verb:set package 'robot_description' build argument 'ament_cmake_args' from command line to 'None'
[0.377s] Level 5:colcon.colcon_core.verb:set package 'robot_description' build argument 'catkin_cmake_args' from command line to 'None'
[0.377s] Level 5:colcon.colcon_core.verb:set package 'robot_description' build argument 'catkin_skip_building_tests' from command line to 'False'
[0.377s] DEBUG:colcon.colcon_core.verb:Building package 'robot_description' with the following arguments: {'ament_cmake_args': None, 'build_base': '/home/fox/robo_simulation_ws/build/robot_description', 'catkin_cmake_args': None, 'catkin_skip_building_tests': False, 'cmake_args': None, 'cmake_clean_cache': False, 'cmake_clean_first': False, 'cmake_force_configure': False, 'cmake_target': None, 'cmake_target_skip_unavailable': False, 'install_base': '/home/fox/robo_simulation_ws/install/robot_description', 'merge_install': False, 'path': '/home/fox/robo_simulation_ws/src/robot_description', 'symlink_install': True, 'test_result_base': None}
[0.377s] Level 5:colcon.colcon_core.verb:set package 'robo_bringup' build argument 'cmake_args' from command line to 'None'
[0.377s] Level 5:colcon.colcon_core.verb:set package 'robo_bringup' build argument 'cmake_target' from command line to 'None'
[0.377s] Level 5:colcon.colcon_core.verb:set package 'robo_bringup' build argument 'cmake_target_skip_unavailable' from command line to 'False'
[0.377s] Level 5:colcon.colcon_core.verb:set package 'robo_bringup' build argument 'cmake_clean_cache' from command line to 'False'
[0.377s] Level 5:colcon.colcon_core.verb:set package 'robo_bringup' build argument 'cmake_clean_first' from command line to 'False'
[0.377s] Level 5:colcon.colcon_core.verb:set package 'robo_bringup' build argument 'cmake_force_configure' from command line to 'False'
[0.377s] Level 5:colcon.colcon_core.verb:set package 'robo_bringup' build argument 'ament_cmake_args' from command line to 'None'
[0.378s] Level 5:colcon.colcon_core.verb:set package 'robo_bringup' build argument 'catkin_cmake_args' from command line to 'None'
[0.378s] Level 5:colcon.colcon_core.verb:set package 'robo_bringup' build argument 'catkin_skip_building_tests' from command line to 'False'
[0.378s] DEBUG:colcon.colcon_core.verb:Building package 'robo_bringup' with the following arguments: {'ament_cmake_args': None, 'build_base': '/home/fox/robo_simulation_ws/build/robo_bringup', 'catkin_cmake_args': None, 'catkin_skip_building_tests': False, 'cmake_args': None, 'cmake_clean_cache': False, 'cmake_clean_first': False, 'cmake_force_configure': False, 'cmake_target': None, 'cmake_target_skip_unavailable': False, 'install_base': '/home/fox/robo_simulation_ws/install/robo_bringup', 'merge_install': False, 'path': '/home/fox/robo_simulation_ws/src/robo_bringup', 'symlink_install': True, 'test_result_base': None}
[0.378s] INFO:colcon.colcon_core.executor:Executing jobs using 'parallel' executor
[0.379s] DEBUG:colcon.colcon_parallel_executor.executor.parallel:run_until_complete
[0.379s] INFO:colcon.colcon_ros.task.ament_cmake.build:Building ROS package in '/home/fox/robo_simulation_ws/src/robot_description' with build type 'ament_cmake'
[0.379s] INFO:colcon.colcon_cmake.task.cmake.build:Building CMake package in '/home/fox/robo_simulation_ws/src/robot_description'
[0.381s] INFO:colcon.colcon_core.plugin_system:Skipping extension 'colcon_core.shell.bat': Not used on non-Windows systems
[0.381s] INFO:colcon.colcon_core.shell:Skip shell extension 'powershell' for command environment: Not usable outside of PowerShell
[0.381s] DEBUG:colcon.colcon_core.shell:Skip shell extension 'dsv' for command environment
[0.391s] DEBUG:colcon.colcon_core.event_handler.log_command:Invoking command in '/home/fox/robo_simulation_ws/build/robot_description': CMAKE_PREFIX_PATH=${CMAKE_PREFIX_PATH}:/home/fox/ws/install/camera_vision:/home/fox/catch_the_turtle_ws/install/catch_the_turtle:/opt/ros/humble /usr/bin/cmake --build /home/fox/robo_simulation_ws/build/robot_description -- -j8 -l8
[0.433s] DEBUG:colcon.colcon_core.event_handler.log_command:Invoked command in '/home/fox/robo_simulation_ws/build/robot_description' returned '0': CMAKE_PREFIX_PATH=${CMAKE_PREFIX_PATH}:/home/fox/ws/install/camera_vision:/home/fox/catch_the_turtle_ws/install/catch_the_turtle:/opt/ros/humble /usr/bin/cmake --build /home/fox/robo_simulation_ws/build/robot_description -- -j8 -l8
[0.470s] DEBUG:colcon.colcon_core.event_handler.log_command:Invoking command in '/home/fox/robo_simulation_ws/build/robot_description': CMAKE_PREFIX_PATH=${CMAKE_PREFIX_PATH}:/home/fox/ws/install/camera_vision:/home/fox/catch_the_turtle_ws/install/catch_the_turtle:/opt/ros/humble /usr/bin/cmake --install /home/fox/robo_simulation_ws/build/robot_description
[0.495s] Level 1:colcon.colcon_core.environment:create_environment_scripts_only(robot_description)
[0.495s] DEBUG:colcon.colcon_core.event_handler.log_command:Invoked command in '/home/fox/robo_simulation_ws/build/robot_description' returned '0': CMAKE_PREFIX_PATH=${CMAKE_PREFIX_PATH}:/home/fox/ws/install/camera_vision:/home/fox/catch_the_turtle_ws/install/catch_the_turtle:/opt/ros/humble /usr/bin/cmake --install /home/fox/robo_simulation_ws/build/robot_description
[0.497s] Level 1:colcon.colcon_core.environment:checking '/home/fox/robo_simulation_ws/install/robot_description' for CMake module files
[0.498s] Level 1:colcon.colcon_core.environment:checking '/home/fox/robo_simulation_ws/install/robot_description' for CMake config files
[0.498s] Level 1:colcon.colcon_core.shell:create_environment_hook('robot_description', 'cmake_prefix_path')
[0.498s] INFO:colcon.colcon_core.shell:Creating environment hook '/home/fox/robo_simulation_ws/install/robot_description/share/robot_description/hook/cmake_prefix_path.ps1'
[0.499s] INFO:colcon.colcon_core.shell:Creating environment descriptor '/home/fox/robo_simulation_ws/install/robot_description/share/robot_description/hook/cmake_prefix_path.dsv'
[0.499s] INFO:colcon.colcon_core.shell:Creating environment hook '/home/fox/robo_simulation_ws/install/robot_description/share/robot_description/hook/cmake_prefix_path.sh'
[0.500s] Level 1:colcon.colcon_core.environment:checking '/home/fox/robo_simulation_ws/install/robot_description/bin'
[0.500s] Level 1:colcon.colcon_core.environment:checking '/home/fox/robo_simulation_ws/install/robot_description/lib/pkgconfig/robot_description.pc'
[0.500s] Level 1:colcon.colcon_core.environment:checking '/home/fox/robo_simulation_ws/install/robot_description/lib/python3.10/site-packages'
[0.500s] Level 1:colcon.colcon_core.environment:checking '/home/fox/robo_simulation_ws/install/robot_description/bin'
[0.501s] INFO:colcon.colcon_core.shell:Creating package script '/home/fox/robo_simulation_ws/install/robot_description/share/robot_description/package.ps1'
[0.501s] INFO:colcon.colcon_core.shell:Creating package descriptor '/home/fox/robo_simulation_ws/install/robot_description/share/robot_description/package.dsv'
[0.502s] INFO:colcon.colcon_core.shell:Creating package script '/home/fox/robo_simulation_ws/install/robot_description/share/robot_description/package.sh'
[0.502s] INFO:colcon.colcon_core.shell:Creating package script '/home/fox/robo_simulation_ws/install/robot_description/share/robot_description/package.bash'
[0.503s] INFO:colcon.colcon_core.shell:Creating package script '/home/fox/robo_simulation_ws/install/robot_description/share/robot_description/package.zsh'
[0.503s] Level 1:colcon.colcon_core.environment:create_file_with_runtime_dependencies(/home/fox/robo_simulation_ws/install/robot_description/share/colcon-core/packages/robot_description)
[0.530s] Level 1:colcon.colcon_core.environment:create_environment_scripts_only(robot_description)
[0.531s] Level 1:colcon.colcon_core.environment:checking '/home/fox/robo_simulation_ws/install/robot_description' for CMake module files
[0.531s] Level 1:colcon.colcon_core.environment:checking '/home/fox/robo_simulation_ws/install/robot_description' for CMake config files
[0.531s] Level 1:colcon.colcon_core.shell:create_environment_hook('robot_description', 'cmake_prefix_path')
[0.531s] INFO:colcon.colcon_core.shell:Creating environment hook '/home/fox/robo_simulation_ws/install/robot_description/share/robot_description/hook/cmake_prefix_path.ps1'
[0.532s] INFO:colcon.colcon_core.shell:Creating environment descriptor '/home/fox/robo_simulation_ws/install/robot_description/share/robot_description/hook/cmake_prefix_path.dsv'
[0.532s] INFO:colcon.colcon_core.shell:Creating environment hook '/home/fox/robo_simulation_ws/install/robot_description/share/robot_description/hook/cmake_prefix_path.sh'
[0.532s] Level 1:colcon.colcon_core.environment:checking '/home/fox/robo_simulation_ws/install/robot_description/bin'
[0.532s] Level 1:colcon.colcon_core.environment:checking '/home/fox/robo_simulation_ws/install/robot_description/lib/pkgconfig/robot_description.pc'
[0.533s] Level 1:colcon.colcon_core.environment:checking '/home/fox/robo_simulation_ws/install/robot_description/lib/python3.10/site-packages'
[0.533s] Level 1:colcon.colcon_core.environment:checking '/home/fox/robo_simulation_ws/install/robot_description/bin'
[0.533s] INFO:colcon.colcon_core.shell:Creating package script '/home/fox/robo_simulation_ws/install/robot_description/share/robot_description/package.ps1'
[0.533s] INFO:colcon.colcon_core.shell:Creating package descriptor '/home/fox/robo_simulation_ws/install/robot_description/share/robot_description/package.dsv'
[0.534s] INFO:colcon.colcon_core.shell:Creating package script '/home/fox/robo_simulation_ws/install/robot_description/share/robot_description/package.sh'
[0.534s] INFO:colcon.colcon_core.shell:Creating package script '/home/fox/robo_simulation_ws/install/robot_description/share/robot_description/package.bash'
[0.534s] INFO:colcon.colcon_core.shell:Creating package script '/home/fox/robo_simulation_ws/install/robot_description/share/robot_description/package.zsh'
[0.535s] Level 1:colcon.colcon_core.environment:create_file_with_runtime_dependencies(/home/fox/robo_simulation_ws/install/robot_description/share/colcon-core/packages/robot_description)
[0.535s] INFO:colcon.colcon_ros.task.ament_cmake.build:Building ROS package in '/home/fox/robo_simulation_ws/src/robo_bringup' with build type 'ament_cmake'
[0.535s] INFO:colcon.colcon_cmake.task.cmake.build:Building CMake package in '/home/fox/robo_simulation_ws/src/robo_bringup'
[0.535s] INFO:colcon.colcon_core.shell:Skip shell extension 'powershell' for command environment: Not usable outside of PowerShell
[0.535s] DEBUG:colcon.colcon_core.shell:Skip shell extension 'dsv' for command environment
[0.545s] DEBUG:colcon.colcon_core.event_handler.log_command:Invoking command in '/home/fox/robo_simulation_ws/build/robo_bringup': CMAKE_PREFIX_PATH=/home/fox/robo_simulation_ws/install/robot_description:/home/fox/ws/install/my_robot_interfaces:/home/fox/ws/install/my_custom_interfaces:/home/fox/ws/install/led_battery_interface:/home/fox/ws/install/demo_bringup:/home/fox/robo_simulation_ws/install/robo_bringup:/home/fox/robo_simulation_ws/install/robo_description:/home/fox/catch_the_turtle_ws/install/turtle_catcher_bringup:/home/fox/catch_the_turtle_ws/install/custom_interface:/home/fox/catch_the_turtle_ws/install/catch_the_turtle_interface:/home/fox/ws/install/camera_vision:/home/fox/catch_the_turtle_ws/install/catch_the_turtle:/opt/ros/humble /usr/bin/cmake --build /home/fox/robo_simulation_ws/build/robo_bringup -- -j8 -l8
[0.787s] DEBUG:colcon.colcon_core.event_handler.log_command:Invoked command in '/home/fox/robo_simulation_ws/build/robo_bringup' returned '0': CMAKE_PREFIX_PATH=/home/fox/robo_simulation_ws/install/robot_description:/home/fox/ws/install/my_robot_interfaces:/home/fox/ws/install/my_custom_interfaces:/home/fox/ws/install/led_battery_interface:/home/fox/ws/install/demo_bringup:/home/fox/robo_simulation_ws/install/robo_bringup:/home/fox/robo_simulation_ws/install/robo_description:/home/fox/catch_the_turtle_ws/install/turtle_catcher_bringup:/home/fox/catch_the_turtle_ws/install/custom_interface:/home/fox/catch_the_turtle_ws/install/catch_the_turtle_interface:/home/fox/ws/install/camera_vision:/home/fox/catch_the_turtle_ws/install/catch_the_turtle:/opt/ros/humble /usr/bin/cmake --build /home/fox/robo_simulation_ws/build/robo_bringup -- -j8 -l8
[0.813s] DEBUG:colcon.colcon_core.event_handler.log_command:Invoking command in '/home/fox/robo_simulation_ws/build/robo_bringup': CMAKE_PREFIX_PATH=/home/fox/robo_simulation_ws/install/robot_description:/home/fox/ws/install/my_robot_interfaces:/home/fox/ws/install/my_custom_interfaces:/home/fox/ws/install/led_battery_interface:/home/fox/ws/install/demo_bringup:/home/fox/robo_simulation_ws/install/robo_bringup:/home/fox/robo_simulation_ws/install/robo_description:/home/fox/catch_the_turtle_ws/install/turtle_catcher_bringup:/home/fox/catch_the_turtle_ws/install/custom_interface:/home/fox/catch_the_turtle_ws/install/catch_the_turtle_interface:/home/fox/ws/install/camera_vision:/home/fox/catch_the_turtle_ws/install/catch_the_turtle:/opt/ros/humble /usr/bin/cmake --install /home/fox/robo_simulation_ws/build/robo_bringup
[0.837s] Level 1:colcon.colcon_core.environment:create_environment_scripts_only(robo_bringup)
[0.837s] Level 1:colcon.colcon_core.environment:checking '/home/fox/robo_simulation_ws/install/robo_bringup' for CMake module files
[0.838s] DEBUG:colcon.colcon_core.event_handler.log_command:Invoked command in '/home/fox/robo_simulation_ws/build/robo_bringup' returned '0': CMAKE_PREFIX_PATH=/home/fox/robo_simulation_ws/install/robot_description:/home/fox/ws/install/my_robot_interfaces:/home/fox/ws/install/my_custom_interfaces:/home/fox/ws/install/led_battery_interface:/home/fox/ws/install/demo_bringup:/home/fox/robo_simulation_ws/install/robo_bringup:/home/fox/robo_simulation_ws/install/robo_description:/home/fox/catch_the_turtle_ws/install/turtle_catcher_bringup:/home/fox/catch_the_turtle_ws/install/custom_interface:/home/fox/catch_the_turtle_ws/install/catch_the_turtle_interface:/home/fox/ws/install/camera_vision:/home/fox/catch_the_turtle_ws/install/catch_the_turtle:/opt/ros/humble /usr/bin/cmake --install /home/fox/robo_simulation_ws/build/robo_bringup
[0.838s] Level 1:colcon.colcon_core.environment:checking '/home/fox/robo_simulation_ws/install/robo_bringup' for CMake config files
[0.839s] Level 1:colcon.colcon_core.shell:create_environment_hook('robo_bringup', 'cmake_prefix_path')
[0.839s] INFO:colcon.colcon_core.shell:Creating environment hook '/home/fox/robo_simulation_ws/install/robo_bringup/share/robo_bringup/hook/cmake_prefix_path.ps1'
[0.839s] INFO:colcon.colcon_core.shell:Creating environment descriptor '/home/fox/robo_simulation_ws/install/robo_bringup/share/robo_bringup/hook/cmake_prefix_path.dsv'
[0.840s] INFO:colcon.colcon_core.shell:Creating environment hook '/home/fox/robo_simulation_ws/install/robo_bringup/share/robo_bringup/hook/cmake_prefix_path.sh'
[0.840s] Level 1:colcon.colcon_core.environment:checking '/home/fox/robo_simulation_ws/install/robo_bringup/bin'
[0.840s] Level 1:colcon.colcon_core.environment:checking '/home/fox/robo_simulation_ws/install/robo_bringup/lib/pkgconfig/robo_bringup.pc'
[0.840s] Level 1:colcon.colcon_core.environment:checking '/home/fox/robo_simulation_ws/install/robo_bringup/lib/python3.10/site-packages'
[0.841s] Level 1:colcon.colcon_core.environment:checking '/home/fox/robo_simulation_ws/install/robo_bringup/bin'
[0.841s] INFO:colcon.colcon_core.shell:Creating package script '/home/fox/robo_simulation_ws/install/robo_bringup/share/robo_bringup/package.ps1'
[0.841s] INFO:colcon.colcon_core.shell:Creating package descriptor '/home/fox/robo_simulation_ws/install/robo_bringup/share/robo_bringup/package.dsv'
[0.841s] INFO:colcon.colcon_core.shell:Creating package script '/home/fox/robo_simulation_ws/install/robo_bringup/share/robo_bringup/package.sh'
[0.842s] INFO:colcon.colcon_core.shell:Creating package script '/home/fox/robo_simulation_ws/install/robo_bringup/share/robo_bringup/package.bash'
[0.842s] INFO:colcon.colcon_core.shell:Creating package script '/home/fox/robo_simulation_ws/install/robo_bringup/share/robo_bringup/package.zsh'
[0.842s] Level 1:colcon.colcon_core.environment:create_file_with_runtime_dependencies(/home/fox/robo_simulation_ws/install/robo_bringup/share/colcon-core/packages/robo_bringup)
[0.868s] Level 1:colcon.colcon_core.environment:create_environment_scripts_only(robo_bringup)
[0.868s] Level 1:colcon.colcon_core.environment:checking '/home/fox/robo_simulation_ws/install/robo_bringup' for CMake module files
[0.868s] Level 1:colcon.colcon_core.environment:checking '/home/fox/robo_simulation_ws/install/robo_bringup' for CMake config files
[0.868s] Level 1:colcon.colcon_core.shell:create_environment_hook('robo_bringup', 'cmake_prefix_path')
[0.869s] INFO:colcon.colcon_core.shell:Creating environment hook '/home/fox/robo_simulation_ws/install/robo_bringup/share/robo_bringup/hook/cmake_prefix_path.ps1'
[0.869s] INFO:colcon.colcon_core.shell:Creating environment descriptor '/home/fox/robo_simulation_ws/install/robo_bringup/share/robo_bringup/hook/cmake_prefix_path.dsv'
[0.869s] INFO:colcon.colcon_core.shell:Creating environment hook '/home/fox/robo_simulation_ws/install/robo_bringup/share/robo_bringup/hook/cmake_prefix_path.sh'
[0.870s] Level 1:colcon.colcon_core.environment:checking '/home/fox/robo_simulation_ws/install/robo_bringup/bin'
[0.870s] Level 1:colcon.colcon_core.environment:checking '/home/fox/robo_simulation_ws/install/robo_bringup/lib/pkgconfig/robo_bringup.pc'
[0.870s] Level 1:colcon.colcon_core.environment:checking '/home/fox/robo_simulation_ws/install/robo_bringup/lib/python3.10/site-packages'
[0.870s] Level 1:colcon.colcon_core.environment:checking '/home/fox/robo_simulation_ws/install/robo_bringup/bin'
[0.870s] INFO:colcon.colcon_core.shell:Creating package script '/home/fox/robo_simulation_ws/install/robo_bringup/share/robo_bringup/package.ps1'
[0.871s] INFO:colcon.colcon_core.shell:Creating package descriptor '/home/fox/robo_simulation_ws/install/robo_bringup/share/robo_bringup/package.dsv'
[0.871s] INFO:colcon.colcon_core.shell:Creating package script '/home/fox/robo_simulation_ws/install/robo_bringup/share/robo_bringup/package.sh'
[0.872s] INFO:colcon.colcon_core.shell:Creating package script '/home/fox/robo_simulation_ws/install/robo_bringup/share/robo_bringup/package.bash'
[0.872s] INFO:colcon.colcon_core.shell:Creating package script '/home/fox/robo_simulation_ws/install/robo_bringup/share/robo_bringup/package.zsh'
[0.872s] Level 1:colcon.colcon_core.environment:create_file_with_runtime_dependencies(/home/fox/robo_simulation_ws/install/robo_bringup/share/colcon-core/packages/robo_bringup)
[0.872s] DEBUG:colcon.colcon_parallel_executor.executor.parallel:closing loop
[0.873s] DEBUG:colcon.colcon_parallel_executor.executor.parallel:loop closed
[0.873s] DEBUG:colcon.colcon_parallel_executor.executor.parallel:run_until_complete finished with '0'
[0.873s] DEBUG:colcon.colcon_core.event_reactor:joining thread
[0.878s] INFO:colcon.colcon_core.plugin_system:Skipping extension 'colcon_notification.desktop_notification.terminal_notifier': Not used on non-Darwin systems
[0.878s] INFO:colcon.colcon_core.plugin_system:Skipping extension 'colcon_notification.desktop_notification.win32': Not used on non-Windows systems
[0.878s] INFO:colcon.colcon_notification.desktop_notification:Sending desktop notification using 'notify2'
[0.889s] DEBUG:colcon.colcon_core.event_reactor:joined thread
[0.889s] INFO:colcon.colcon_core.shell:Creating prefix script '/home/fox/robo_simulation_ws/install/local_setup.ps1'
[0.890s] INFO:colcon.colcon_core.shell:Creating prefix util module '/home/fox/robo_simulation_ws/install/_local_setup_util_ps1.py'
[0.891s] INFO:colcon.colcon_core.shell:Creating prefix chain script '/home/fox/robo_simulation_ws/install/setup.ps1'
[0.893s] INFO:colcon.colcon_core.shell:Creating prefix script '/home/fox/robo_simulation_ws/install/local_setup.sh'
[0.893s] INFO:colcon.colcon_core.shell:Creating prefix util module '/home/fox/robo_simulation_ws/install/_local_setup_util_sh.py'
[0.894s] INFO:colcon.colcon_core.shell:Creating prefix chain script '/home/fox/robo_simulation_ws/install/setup.sh'
[0.895s] INFO:colcon.colcon_core.shell:Creating prefix script '/home/fox/robo_simulation_ws/install/local_setup.bash'
[0.895s] INFO:colcon.colcon_core.shell:Creating prefix chain script '/home/fox/robo_simulation_ws/install/setup.bash'
[0.897s] INFO:colcon.colcon_core.shell:Creating prefix script '/home/fox/robo_simulation_ws/install/local_setup.zsh'
[0.897s] INFO:colcon.colcon_core.shell:Creating prefix chain script '/home/fox/robo_simulation_ws/install/setup.zsh'
