-- Found ament_cmake: 1.3.8 (/opt/ros/humble/share/ament_cmake/cmake)
-- Override CMake install command with custom implementation using symlinks instead of copying resources
-- Configuring done
-- Generating done
-- Build files have been written to: /home/fox/robo_simulation_ws/build/robo_description
-- Install configuration: ""
-- Execute custom install script
-- Symlinking: /home/fox/robo_simulation_ws/install/robo_description/share/robo_description/urdf/body.xacro
-- Symlinking: /home/fox/robo_simulation_ws/install/robo_description/share/robo_description/urdf/main.urdf.xacro
-- Symlinking: /home/fox/robo_simulation_ws/install/robo_description/share/robo_description/urdf/properties.xacro
-- Symlinking: /home/fox/robo_simulation_ws/install/robo_description/share/robo_description/urdf/whole_code.xacro
-- Symlinking: /home/fox/robo_simulation_ws/install/robo_description/share/robo_description/launch/display.launch.py
-- Symlinking: /home/fox/robo_simulation_ws/install/robo_description/share/robo_description/launch/display.launch.xml
-- Symlinking: /home/fox/robo_simulation_ws/install/robo_description/share/ament_index/resource_index/package_run_dependencies/robo_description
-- Symlinking: /home/fox/robo_simulation_ws/install/robo_description/share/ament_index/resource_index/parent_prefix_path/robo_description
-- Symlinking: /home/fox/robo_simulation_ws/install/robo_description/share/robo_description/environment/ament_prefix_path.sh
-- Symlinking: /home/fox/robo_simulation_ws/install/robo_description/share/robo_description/environment/ament_prefix_path.dsv
-- Symlinking: /home/fox/robo_simulation_ws/install/robo_description/share/robo_description/environment/path.sh
-- Symlinking: /home/fox/robo_simulation_ws/install/robo_description/share/robo_description/environment/path.dsv
-- Symlinking: /home/fox/robo_simulation_ws/install/robo_description/share/robo_description/local_setup.bash
-- Symlinking: /home/fox/robo_simulation_ws/install/robo_description/share/robo_description/local_setup.sh
-- Symlinking: /home/fox/robo_simulation_ws/install/robo_description/share/robo_description/local_setup.zsh
-- Symlinking: /home/fox/robo_simulation_ws/install/robo_description/share/robo_description/local_setup.dsv
-- Symlinking: /home/fox/robo_simulation_ws/install/robo_description/share/robo_description/package.dsv
-- Symlinking: /home/fox/robo_simulation_ws/install/robo_description/share/ament_index/resource_index/packages/robo_description
-- Symlinking: /home/fox/robo_simulation_ws/install/robo_description/share/robo_description/cmake/robo_descriptionConfig.cmake
-- Symlinking: /home/fox/robo_simulation_ws/install/robo_description/share/robo_description/cmake/robo_descriptionConfig-version.cmake
-- Symlinking: /home/fox/robo_simulation_ws/install/robo_description/share/robo_description/package.xml
