[0.012s] Invoking command in '/home/fox/robo_simulation_ws/build/robo_description': CMAKE_PREFIX_PATH=${CMAKE_PREFIX_PATH}:/home/fox/catch_the_turtle_ws/install/catch_the_turtle:/home/fox/jarvis_ws/install/jarvis:/home/fox/ws/install/camera_vision:/opt/ros/humble /usr/bin/cmake /home/fox/robo_simulation_ws/src/robo_description -DAMENT_CMAKE_SYMLINK_INSTALL=1 -DCMAKE_INSTALL_PREFIX=/home/fox/robo_simulation_ws/install/robo_description
[0.027s] -- Found ament_cmake: 1.3.8 (/opt/ros/humble/share/ament_cmake/cmake)
[0.150s] -- Override CMake install command with custom implementation using symlinks instead of copying resources
[0.222s] -- Configuring done
[0.225s] -- Generating done
[0.226s] -- Build files have been written to: /home/fox/robo_simulation_ws/build/robo_description
[0.228s] Invoked command in '/home/fox/robo_simulation_ws/build/robo_description' returned '0': CMAKE_PREFIX_PATH=${CMAKE_PREFIX_PATH}:/home/fox/catch_the_turtle_ws/install/catch_the_turtle:/home/fox/jarvis_ws/install/jarvis:/home/fox/ws/install/camera_vision:/opt/ros/humble /usr/bin/cmake /home/fox/robo_simulation_ws/src/robo_description -DAMENT_CMAKE_SYMLINK_INSTALL=1 -DCMAKE_INSTALL_PREFIX=/home/fox/robo_simulation_ws/install/robo_description
[0.231s] Invoking command in '/home/fox/robo_simulation_ws/build/robo_description': CMAKE_PREFIX_PATH=${CMAKE_PREFIX_PATH}:/home/fox/catch_the_turtle_ws/install/catch_the_turtle:/home/fox/jarvis_ws/install/jarvis:/home/fox/ws/install/camera_vision:/opt/ros/humble /usr/bin/cmake --build /home/fox/robo_simulation_ws/build/robo_description -- -j8 -l8
[0.272s] Invoked command in '/home/fox/robo_simulation_ws/build/robo_description' returned '0': CMAKE_PREFIX_PATH=${CMAKE_PREFIX_PATH}:/home/fox/catch_the_turtle_ws/install/catch_the_turtle:/home/fox/jarvis_ws/install/jarvis:/home/fox/ws/install/camera_vision:/opt/ros/humble /usr/bin/cmake --build /home/fox/robo_simulation_ws/build/robo_description -- -j8 -l8
[0.310s] Invoking command in '/home/fox/robo_simulation_ws/build/robo_description': CMAKE_PREFIX_PATH=${CMAKE_PREFIX_PATH}:/home/fox/catch_the_turtle_ws/install/catch_the_turtle:/home/fox/jarvis_ws/install/jarvis:/home/fox/ws/install/camera_vision:/opt/ros/humble /usr/bin/cmake --install /home/fox/robo_simulation_ws/build/robo_description
[0.318s] -- Install configuration: ""
[0.319s] -- Execute custom install script
[0.319s] -- Symlinking: /home/fox/robo_simulation_ws/install/robo_description/share/robo_description/urdf/body.xacro
[0.329s] -- Symlinking: /home/fox/robo_simulation_ws/install/robo_description/share/robo_description/urdf/main.urdf.xacro
[0.339s] -- Symlinking: /home/fox/robo_simulation_ws/install/robo_description/share/robo_description/urdf/properties.xacro
[0.349s] -- Symlinking: /home/fox/robo_simulation_ws/install/robo_description/share/robo_description/urdf/whole_code.xacro
[0.359s] -- Symlinking: /home/fox/robo_simulation_ws/install/robo_description/share/robo_description/launch/display.launch.py
[0.369s] -- Symlinking: /home/fox/robo_simulation_ws/install/robo_description/share/robo_description/launch/display.launch.xml
[0.380s] -- Symlinking: /home/fox/robo_simulation_ws/install/robo_description/share/ament_index/resource_index/package_run_dependencies/robo_description
[0.389s] -- Symlinking: /home/fox/robo_simulation_ws/install/robo_description/share/ament_index/resource_index/parent_prefix_path/robo_description
[0.399s] -- Symlinking: /home/fox/robo_simulation_ws/install/robo_description/share/robo_description/environment/ament_prefix_path.sh
[0.409s] -- Symlinking: /home/fox/robo_simulation_ws/install/robo_description/share/robo_description/environment/ament_prefix_path.dsv
[0.419s] -- Symlinking: /home/fox/robo_simulation_ws/install/robo_description/share/robo_description/environment/path.sh
[0.429s] -- Symlinking: /home/fox/robo_simulation_ws/install/robo_description/share/robo_description/environment/path.dsv
[0.439s] -- Symlinking: /home/fox/robo_simulation_ws/install/robo_description/share/robo_description/local_setup.bash
[0.448s] -- Symlinking: /home/fox/robo_simulation_ws/install/robo_description/share/robo_description/local_setup.sh
[0.459s] -- Symlinking: /home/fox/robo_simulation_ws/install/robo_description/share/robo_description/local_setup.zsh
[0.469s] -- Symlinking: /home/fox/robo_simulation_ws/install/robo_description/share/robo_description/local_setup.dsv
[0.479s] -- Symlinking: /home/fox/robo_simulation_ws/install/robo_description/share/robo_description/package.dsv
[0.488s] -- Symlinking: /home/fox/robo_simulation_ws/install/robo_description/share/ament_index/resource_index/packages/robo_description
[0.498s] -- Symlinking: /home/fox/robo_simulation_ws/install/robo_description/share/robo_description/cmake/robo_descriptionConfig.cmake
[0.508s] -- Symlinking: /home/fox/robo_simulation_ws/install/robo_description/share/robo_description/cmake/robo_descriptionConfig-version.cmake
[0.519s] -- Symlinking: /home/fox/robo_simulation_ws/install/robo_description/share/robo_description/package.xml
[0.530s] Invoked command in '/home/fox/robo_simulation_ws/build/robo_description' returned '0': CMAKE_PREFIX_PATH=${CMAKE_PREFIX_PATH}:/home/fox/catch_the_turtle_ws/install/catch_the_turtle:/home/fox/jarvis_ws/install/jarvis:/home/fox/ws/install/camera_vision:/opt/ros/humble /usr/bin/cmake --install /home/fox/robo_simulation_ws/build/robo_description
