[0.172s] Invoking command in '/home/fox/robo_simulation_ws/build/robo_bringup': CMAKE_PREFIX_PATH=/home/fox/robo_simulation_ws/install/robot_description:/home/fox/catch_the_turtle_ws/install/turtle_catcher_bringup:/home/fox/catch_the_turtle_ws/install/custom_interface:/home/fox/catch_the_turtle_ws/install/catch_the_turtle_interface:/home/fox/robo_simulation_ws/install/robo_bringup:/home/fox/robo_simulation_ws/install/robo_description:/home/fox/ws/install/my_robot_interfaces:/home/fox/ws/install/my_custom_interfaces:/home/fox/ws/install/led_battery_interface:/home/fox/ws/install/demo_bringup:/home/fox/catch_the_turtle_ws/install/catch_the_turtle:/home/fox/ws/install/camera_vision:/opt/ros/humble /usr/bin/cmake --build /home/fox/robo_simulation_ws/build/robo_bringup -- -j8 -l8
[0.424s] Invoked command in '/home/fox/robo_simulation_ws/build/robo_bringup' returned '0': CMAKE_PREFIX_PATH=/home/fox/robo_simulation_ws/install/robot_description:/home/fox/catch_the_turtle_ws/install/turtle_catcher_bringup:/home/fox/catch_the_turtle_ws/install/custom_interface:/home/fox/catch_the_turtle_ws/install/catch_the_turtle_interface:/home/fox/robo_simulation_ws/install/robo_bringup:/home/fox/robo_simulation_ws/install/robo_description:/home/fox/ws/install/my_robot_interfaces:/home/fox/ws/install/my_custom_interfaces:/home/fox/ws/install/led_battery_interface:/home/fox/ws/install/demo_bringup:/home/fox/catch_the_turtle_ws/install/catch_the_turtle:/home/fox/ws/install/camera_vision:/opt/ros/humble /usr/bin/cmake --build /home/fox/robo_simulation_ws/build/robo_bringup -- -j8 -l8
[0.449s] Invoking command in '/home/fox/robo_simulation_ws/build/robo_bringup': CMAKE_PREFIX_PATH=/home/fox/robo_simulation_ws/install/robot_description:/home/fox/catch_the_turtle_ws/install/turtle_catcher_bringup:/home/fox/catch_the_turtle_ws/install/custom_interface:/home/fox/catch_the_turtle_ws/install/catch_the_turtle_interface:/home/fox/robo_simulation_ws/install/robo_bringup:/home/fox/robo_simulation_ws/install/robo_description:/home/fox/ws/install/my_robot_interfaces:/home/fox/ws/install/my_custom_interfaces:/home/fox/ws/install/led_battery_interface:/home/fox/ws/install/demo_bringup:/home/fox/catch_the_turtle_ws/install/catch_the_turtle:/home/fox/ws/install/camera_vision:/opt/ros/humble /usr/bin/cmake --install /home/fox/robo_simulation_ws/build/robo_bringup
[0.503s] -- Install configuration: ""
[0.533s] -- Execute custom install script
[0.605s] -- Up-to-date symlink: /home/fox/robo_simulation_ws/install/robo_bringup/share/robo_bringup//launch/robo.launch.py
[0.616s] -- Up-to-date symlink: /home/fox/robo_simulation_ws/install/robo_bringup/share/robo_bringup//launch/robo.launch.xml
[0.630s] -- Up-to-date symlink: /home/fox/robo_simulation_ws/install/robo_bringup/share/robo_bringup//rviz/robo.rviz
[0.630s] -- Up-to-date symlink: /home/fox/robo_simulation_ws/install/robo_bringup/share/ament_index/resource_index/package_run_dependencies/robo_bringup
[0.638s] -- Up-to-date symlink: /home/fox/robo_simulation_ws/install/robo_bringup/share/ament_index/resource_index/parent_prefix_path/robo_bringup
[0.639s] -- Up-to-date symlink: /home/fox/robo_simulation_ws/install/robo_bringup/share/robo_bringup/environment/ament_prefix_path.sh
[0.639s] -- Up-to-date symlink: /home/fox/robo_simulation_ws/install/robo_bringup/share/robo_bringup/environment/ament_prefix_path.dsv
[0.639s] -- Up-to-date symlink: /home/fox/robo_simulation_ws/install/robo_bringup/share/robo_bringup/environment/path.sh
[0.639s] -- Up-to-date symlink: /home/fox/robo_simulation_ws/install/robo_bringup/share/robo_bringup/environment/path.dsv
[0.640s] -- Up-to-date symlink: /home/fox/robo_simulation_ws/install/robo_bringup/share/robo_bringup/local_setup.bash
[0.640s] -- Up-to-date symlink: /home/fox/robo_simulation_ws/install/robo_bringup/share/robo_bringup/local_setup.sh
[0.641s] -- Up-to-date symlink: /home/fox/robo_simulation_ws/install/robo_bringup/share/robo_bringup/local_setup.zsh
[0.641s] -- Up-to-date symlink: /home/fox/robo_simulation_ws/install/robo_bringup/share/robo_bringup/local_setup.dsv
[0.641s] -- Symlinking: /home/fox/robo_simulation_ws/install/robo_bringup/share/robo_bringup/package.dsv
[0.651s] -- Up-to-date symlink: /home/fox/robo_simulation_ws/install/robo_bringup/share/ament_index/resource_index/packages/robo_bringup
[0.651s] -- Up-to-date symlink: /home/fox/robo_simulation_ws/install/robo_bringup/share/robo_bringup/cmake/robo_bringupConfig.cmake
[0.665s] -- Up-to-date symlink: /home/fox/robo_simulation_ws/install/robo_bringup/share/robo_bringup/cmake/robo_bringupConfig-version.cmake
[0.666s] -- Up-to-date symlink: /home/fox/robo_simulation_ws/install/robo_bringup/share/robo_bringup/package.xml
[0.668s] Invoked command in '/home/fox/robo_simulation_ws/build/robo_bringup' returned '0': CMAKE_PREFIX_PATH=/home/fox/robo_simulation_ws/install/robot_description:/home/fox/catch_the_turtle_ws/install/turtle_catcher_bringup:/home/fox/catch_the_turtle_ws/install/custom_interface:/home/fox/catch_the_turtle_ws/install/catch_the_turtle_interface:/home/fox/robo_simulation_ws/install/robo_bringup:/home/fox/robo_simulation_ws/install/robo_description:/home/fox/ws/install/my_robot_interfaces:/home/fox/ws/install/my_custom_interfaces:/home/fox/ws/install/led_battery_interface:/home/fox/ws/install/demo_bringup:/home/fox/catch_the_turtle_ws/install/catch_the_turtle:/home/fox/ws/install/camera_vision:/opt/ros/humble /usr/bin/cmake --install /home/fox/robo_simulation_ws/build/robo_bringup
