[0.012s] Invoking command in '/home/fox/robo_simulation_ws/build/robo_description': CMAKE_PREFIX_PATH=${CMAKE_PREFIX_PATH}:/home/fox/catch_the_turtle_ws/install/catch_the_turtle:/home/fox/jarvis_ws/install/jarvis:/home/fox/ws/install/camera_vision:/opt/ros/humble /usr/bin/cmake --build /home/fox/robo_simulation_ws/build/robo_description -- -j8 -l8
[0.058s] Invoked command in '/home/fox/robo_simulation_ws/build/robo_description' returned '0': CMAKE_PREFIX_PATH=${CMAKE_PREFIX_PATH}:/home/fox/catch_the_turtle_ws/install/catch_the_turtle:/home/fox/jarvis_ws/install/jarvis:/home/fox/ws/install/camera_vision:/opt/ros/humble /usr/bin/cmake --build /home/fox/robo_simulation_ws/build/robo_description -- -j8 -l8
[0.094s] Invoking command in '/home/fox/robo_simulation_ws/build/robo_description': CMAKE_PREFIX_PATH=${CMAKE_PREFIX_PATH}:/home/fox/catch_the_turtle_ws/install/catch_the_turtle:/home/fox/jarvis_ws/install/jarvis:/home/fox/ws/install/camera_vision:/opt/ros/humble /usr/bin/cmake --install /home/fox/robo_simulation_ws/build/robo_description
[0.103s] -- Install configuration: ""
[0.103s] -- Execute custom install script
[0.103s] -- Up-to-date symlink: /home/fox/robo_simulation_ws/install/robo_description/share/robo_description//urdf/body.xacro
[0.104s] -- Up-to-date symlink: /home/fox/robo_simulation_ws/install/robo_description/share/robo_description//urdf/main.urdf.xacro
[0.104s] -- Up-to-date symlink: /home/fox/robo_simulation_ws/install/robo_description/share/robo_description//urdf/properties.xacro
[0.104s] -- Up-to-date symlink: /home/fox/robo_simulation_ws/install/robo_description/share/robo_description//urdf/whole_code.xacro
[0.104s] -- Up-to-date symlink: /home/fox/robo_simulation_ws/install/robo_description/share/robo_description//launch/display.launch.py
[0.104s] -- Up-to-date symlink: /home/fox/robo_simulation_ws/install/robo_description/share/robo_description//launch/display.launch.xml
[0.104s] -- Up-to-date symlink: /home/fox/robo_simulation_ws/install/robo_description/share/robo_description//rviz/robo.rviz
[0.105s] -- Up-to-date symlink: /home/fox/robo_simulation_ws/install/robo_description/share/ament_index/resource_index/package_run_dependencies/robo_description
[0.105s] -- Up-to-date symlink: /home/fox/robo_simulation_ws/install/robo_description/share/ament_index/resource_index/parent_prefix_path/robo_description
[0.105s] -- Up-to-date symlink: /home/fox/robo_simulation_ws/install/robo_description/share/robo_description/environment/ament_prefix_path.sh
[0.105s] -- Up-to-date symlink: /home/fox/robo_simulation_ws/install/robo_description/share/robo_description/environment/ament_prefix_path.dsv
[0.105s] -- Up-to-date symlink: /home/fox/robo_simulation_ws/install/robo_description/share/robo_description/environment/path.sh
[0.105s] -- Up-to-date symlink: /home/fox/robo_simulation_ws/install/robo_description/share/robo_description/environment/path.dsv
[0.106s] -- Up-to-date symlink: /home/fox/robo_simulation_ws/install/robo_description/share/robo_description/local_setup.bash
[0.106s] -- Up-to-date symlink: /home/fox/robo_simulation_ws/install/robo_description/share/robo_description/local_setup.sh
[0.106s] -- Up-to-date symlink: /home/fox/robo_simulation_ws/install/robo_description/share/robo_description/local_setup.zsh
[0.106s] -- Up-to-date symlink: /home/fox/robo_simulation_ws/install/robo_description/share/robo_description/local_setup.dsv
[0.106s] -- Symlinking: /home/fox/robo_simulation_ws/install/robo_description/share/robo_description/package.dsv
[0.117s] -- Up-to-date symlink: /home/fox/robo_simulation_ws/install/robo_description/share/ament_index/resource_index/packages/robo_description
[0.117s] -- Up-to-date symlink: /home/fox/robo_simulation_ws/install/robo_description/share/robo_description/cmake/robo_descriptionConfig.cmake
[0.117s] -- Up-to-date symlink: /home/fox/robo_simulation_ws/install/robo_description/share/robo_description/cmake/robo_descriptionConfig-version.cmake
[0.117s] -- Up-to-date symlink: /home/fox/robo_simulation_ws/install/robo_description/share/robo_description/package.xml
[0.120s] Invoked command in '/home/fox/robo_simulation_ws/build/robo_description' returned '0': CMAKE_PREFIX_PATH=${CMAKE_PREFIX_PATH}:/home/fox/catch_the_turtle_ws/install/catch_the_turtle:/home/fox/jarvis_ws/install/jarvis:/home/fox/ws/install/camera_vision:/opt/ros/humble /usr/bin/cmake --install /home/fox/robo_simulation_ws/build/robo_description
