[0.010s] Invoking command in '/home/fox/robo_simulation_ws/build/robo_bringup': CMAKE_PREFIX_PATH=/home/fox/robo_simulation_ws/install/robo_description:/home/fox/catch_the_turtle_ws/install/turtle_catcher_bringup:/home/fox/catch_the_turtle_ws/install/custom_interface:/home/fox/catch_the_turtle_ws/install/catch_the_turtle_interface:/home/fox/robo_simulation_ws/install/robo_bringup:/home/fox/jarvis_ws/install/jarvis_interfaces:/home/fox/jarvis_ws/install/jarvis_bringup:/home/fox/jarvis_ws/install/jarvis_description:/home/fox/ws/install/my_robot_interfaces:/home/fox/ws/install/my_custom_interfaces:/home/fox/ws/install/led_battery_interface:/home/fox/ws/install/demo_bringup:/home/fox/catch_the_turtle_ws/install/catch_the_turtle:/home/fox/jarvis_ws/install/jarvis:/home/fox/ws/install/camera_vision:/opt/ros/humble /usr/bin/cmake /home/fox/robo_simulation_ws/src/robo_bringup -DAMENT_CMAKE_SYMLINK_INSTALL=1 -DCMAKE_INSTALL_PREFIX=/home/fox/robo_simulation_ws/install/robo_bringup
[0.023s] -- Found ament_cmake: 1.3.8 (/opt/ros/humble/share/ament_cmake/cmake)
[0.145s] -- Override CMake install command with custom implementation using symlinks instead of copying resources
[0.219s] -- Configuring done
[0.222s] -- Generating done
[0.223s] -- Build files have been written to: /home/fox/robo_simulation_ws/build/robo_bringup
[0.226s] Invoked command in '/home/fox/robo_simulation_ws/build/robo_bringup' returned '0': CMAKE_PREFIX_PATH=/home/fox/robo_simulation_ws/install/robo_description:/home/fox/catch_the_turtle_ws/install/turtle_catcher_bringup:/home/fox/catch_the_turtle_ws/install/custom_interface:/home/fox/catch_the_turtle_ws/install/catch_the_turtle_interface:/home/fox/robo_simulation_ws/install/robo_bringup:/home/fox/jarvis_ws/install/jarvis_interfaces:/home/fox/jarvis_ws/install/jarvis_bringup:/home/fox/jarvis_ws/install/jarvis_description:/home/fox/ws/install/my_robot_interfaces:/home/fox/ws/install/my_custom_interfaces:/home/fox/ws/install/led_battery_interface:/home/fox/ws/install/demo_bringup:/home/fox/catch_the_turtle_ws/install/catch_the_turtle:/home/fox/jarvis_ws/install/jarvis:/home/fox/ws/install/camera_vision:/opt/ros/humble /usr/bin/cmake /home/fox/robo_simulation_ws/src/robo_bringup -DAMENT_CMAKE_SYMLINK_INSTALL=1 -DCMAKE_INSTALL_PREFIX=/home/fox/robo_simulation_ws/install/robo_bringup
[0.227s] Invoking command in '/home/fox/robo_simulation_ws/build/robo_bringup': CMAKE_PREFIX_PATH=/home/fox/robo_simulation_ws/install/robo_description:/home/fox/catch_the_turtle_ws/install/turtle_catcher_bringup:/home/fox/catch_the_turtle_ws/install/custom_interface:/home/fox/catch_the_turtle_ws/install/catch_the_turtle_interface:/home/fox/robo_simulation_ws/install/robo_bringup:/home/fox/jarvis_ws/install/jarvis_interfaces:/home/fox/jarvis_ws/install/jarvis_bringup:/home/fox/jarvis_ws/install/jarvis_description:/home/fox/ws/install/my_robot_interfaces:/home/fox/ws/install/my_custom_interfaces:/home/fox/ws/install/led_battery_interface:/home/fox/ws/install/demo_bringup:/home/fox/catch_the_turtle_ws/install/catch_the_turtle:/home/fox/jarvis_ws/install/jarvis:/home/fox/ws/install/camera_vision:/opt/ros/humble /usr/bin/cmake --build /home/fox/robo_simulation_ws/build/robo_bringup -- -j8 -l8
[0.269s] Invoked command in '/home/fox/robo_simulation_ws/build/robo_bringup' returned '0': CMAKE_PREFIX_PATH=/home/fox/robo_simulation_ws/install/robo_description:/home/fox/catch_the_turtle_ws/install/turtle_catcher_bringup:/home/fox/catch_the_turtle_ws/install/custom_interface:/home/fox/catch_the_turtle_ws/install/catch_the_turtle_interface:/home/fox/robo_simulation_ws/install/robo_bringup:/home/fox/jarvis_ws/install/jarvis_interfaces:/home/fox/jarvis_ws/install/jarvis_bringup:/home/fox/jarvis_ws/install/jarvis_description:/home/fox/ws/install/my_robot_interfaces:/home/fox/ws/install/my_custom_interfaces:/home/fox/ws/install/led_battery_interface:/home/fox/ws/install/demo_bringup:/home/fox/catch_the_turtle_ws/install/catch_the_turtle:/home/fox/jarvis_ws/install/jarvis:/home/fox/ws/install/camera_vision:/opt/ros/humble /usr/bin/cmake --build /home/fox/robo_simulation_ws/build/robo_bringup -- -j8 -l8
[0.296s] Invoking command in '/home/fox/robo_simulation_ws/build/robo_bringup': CMAKE_PREFIX_PATH=/home/fox/robo_simulation_ws/install/robo_description:/home/fox/catch_the_turtle_ws/install/turtle_catcher_bringup:/home/fox/catch_the_turtle_ws/install/custom_interface:/home/fox/catch_the_turtle_ws/install/catch_the_turtle_interface:/home/fox/robo_simulation_ws/install/robo_bringup:/home/fox/jarvis_ws/install/jarvis_interfaces:/home/fox/jarvis_ws/install/jarvis_bringup:/home/fox/jarvis_ws/install/jarvis_description:/home/fox/ws/install/my_robot_interfaces:/home/fox/ws/install/my_custom_interfaces:/home/fox/ws/install/led_battery_interface:/home/fox/ws/install/demo_bringup:/home/fox/catch_the_turtle_ws/install/catch_the_turtle:/home/fox/jarvis_ws/install/jarvis:/home/fox/ws/install/camera_vision:/opt/ros/humble /usr/bin/cmake --install /home/fox/robo_simulation_ws/build/robo_bringup
[0.304s] -- Install configuration: ""
[0.305s] -- Execute custom install script
[0.305s] -- Symlinking: /home/fox/robo_simulation_ws/install/robo_bringup/share/robo_bringup//launch/robo.launch.py
[0.315s] -- Symlinking: /home/fox/robo_simulation_ws/install/robo_bringup/share/robo_bringup//launch/robo.launch.xml
[0.325s] -- Symlinking: /home/fox/robo_simulation_ws/install/robo_bringup/share/ament_index/resource_index/package_run_dependencies/robo_bringup
[0.335s] -- Symlinking: /home/fox/robo_simulation_ws/install/robo_bringup/share/ament_index/resource_index/parent_prefix_path/robo_bringup
[0.345s] -- Symlinking: /home/fox/robo_simulation_ws/install/robo_bringup/share/robo_bringup/environment/ament_prefix_path.sh
[0.356s] -- Symlinking: /home/fox/robo_simulation_ws/install/robo_bringup/share/robo_bringup/environment/ament_prefix_path.dsv
[0.366s] -- Symlinking: /home/fox/robo_simulation_ws/install/robo_bringup/share/robo_bringup/environment/path.sh
[0.375s] -- Symlinking: /home/fox/robo_simulation_ws/install/robo_bringup/share/robo_bringup/environment/path.dsv
[0.385s] -- Symlinking: /home/fox/robo_simulation_ws/install/robo_bringup/share/robo_bringup/local_setup.bash
[0.395s] -- Symlinking: /home/fox/robo_simulation_ws/install/robo_bringup/share/robo_bringup/local_setup.sh
[0.406s] -- Symlinking: /home/fox/robo_simulation_ws/install/robo_bringup/share/robo_bringup/local_setup.zsh
[0.415s] -- Symlinking: /home/fox/robo_simulation_ws/install/robo_bringup/share/robo_bringup/local_setup.dsv
[0.425s] -- Symlinking: /home/fox/robo_simulation_ws/install/robo_bringup/share/robo_bringup/package.dsv
[0.435s] -- Symlinking: /home/fox/robo_simulation_ws/install/robo_bringup/share/ament_index/resource_index/packages/robo_bringup
[0.445s] -- Symlinking: /home/fox/robo_simulation_ws/install/robo_bringup/share/robo_bringup/cmake/robo_bringupConfig.cmake
[0.455s] -- Symlinking: /home/fox/robo_simulation_ws/install/robo_bringup/share/robo_bringup/cmake/robo_bringupConfig-version.cmake
[0.465s] -- Symlinking: /home/fox/robo_simulation_ws/install/robo_bringup/share/robo_bringup/package.xml
[0.477s] Invoked command in '/home/fox/robo_simulation_ws/build/robo_bringup' returned '0': CMAKE_PREFIX_PATH=/home/fox/robo_simulation_ws/install/robo_description:/home/fox/catch_the_turtle_ws/install/turtle_catcher_bringup:/home/fox/catch_the_turtle_ws/install/custom_interface:/home/fox/catch_the_turtle_ws/install/catch_the_turtle_interface:/home/fox/robo_simulation_ws/install/robo_bringup:/home/fox/jarvis_ws/install/jarvis_interfaces:/home/fox/jarvis_ws/install/jarvis_bringup:/home/fox/jarvis_ws/install/jarvis_description:/home/fox/ws/install/my_robot_interfaces:/home/fox/ws/install/my_custom_interfaces:/home/fox/ws/install/led_battery_interface:/home/fox/ws/install/demo_bringup:/home/fox/catch_the_turtle_ws/install/catch_the_turtle:/home/fox/jarvis_ws/install/jarvis:/home/fox/ws/install/camera_vision:/opt/ros/humble /usr/bin/cmake --install /home/fox/robo_simulation_ws/build/robo_bringup
